[1:16:05 PM]: Building...
[1:16:05 PM]: Building index.html...
[1:16:06 PM]: Building normalize.css...
[1:16:06 PM]: Building index.js...
[1:16:06 PM]: Building index.js...
[1:16:06 PM]: Building index.js...
[1:16:06 PM]: Building Routes.js...
[1:16:06 PM]: Building react-router-dom.js...
[1:16:06 PM]: Building index.js...
[1:16:06 PM]: Building css-loader.js...
[1:16:06 PM]: Building react.development.js...
[1:16:06 PM]: Building shim.js...
[1:16:06 PM]: Building runtime.js...
[1:16:06 PM]: Building escape.js...
[1:16:06 PM]: Building Add.js...
[1:16:06 PM]: Building Edit.js...
[1:16:06 PM]: Building List.js...
[1:16:06 PM]: Building Home.js...
[1:16:06 PM]: Building NotFound.js...
[1:16:06 PM]: Building react-dom.development.js...
[1:16:06 PM]: Building SingleColumn.js...
[1:16:06 PM]: Built pages/NotFound.js...
[1:16:06 PM]: Building core.regexp.escape.js...
[1:16:06 PM]: Building _core.js...
[1:16:06 PM]: Building index.js...
[1:16:06 PM]: Building asyncToGenerator.js...
[1:16:06 PM]: Building slicedToArray.js...
[1:16:06 PM]: Building index.js...
[1:16:06 PM]: Building index.js...
[1:16:06 PM]: Building index.js...
[1:16:06 PM]: Building formik.esm.js...
[1:16:06 PM]: Building index.js...
[1:16:06 PM]: Building Form.js...
[1:16:06 PM]: Building bundle-url.js...
[1:16:06 PM]: Building styles.js...
[1:16:06 PM]: Building styledComponent.js...
[1:16:06 PM]: Building Header.js...
[1:16:06 PM]: Building moment.js...
[1:16:06 PM]: Building _export.js...
[1:16:06 PM]: Building _replacer.js...
[1:16:06 PM]: Built ../../node_modules/core-js/modules/_core.js...
[1:16:06 PM]: Building es6.symbol.js...
[1:16:06 PM]: Building es6.object.create.js...
[1:16:06 PM]: Building es6.object.define-property.js...
[1:16:06 PM]: Building es6.object.define-properties.js...
[1:16:06 PM]: Building es6.object.get-own-property-descriptor.js...
[1:16:06 PM]: Building es6.object.get-prototype-of.js...
[1:16:06 PM]: Building es6.object.keys.js...
[1:16:06 PM]: Building es6.object.get-own-property-names.js...
[1:16:06 PM]: Building es6.object.freeze.js...
[1:16:06 PM]: Building es6.object.seal.js...
[1:16:06 PM]: Building es6.object.prevent-extensions.js...
[1:16:06 PM]: Building es6.object.is-frozen.js...
[1:16:06 PM]: Building es6.object.is-sealed.js...
[1:16:06 PM]: Building es6.object.is-extensible.js...
[1:16:06 PM]: Building es6.object.assign.js...
[1:16:06 PM]: Building es6.object.is.js...
[1:16:06 PM]: Building es6.object.set-prototype-of.js...
[1:16:06 PM]: Building es6.object.to-string.js...
[1:16:06 PM]: Building es6.function.bind.js...
[1:16:06 PM]: Building es6.function.name.js...
[1:16:06 PM]: Building es6.function.has-instance.js...
[1:16:06 PM]: Building es6.parse-int.js...
[1:16:06 PM]: Building es6.parse-float.js...
[1:16:06 PM]: Building es6.number.constructor.js...
[1:16:06 PM]: Building es6.number.to-fixed.js...
[1:16:06 PM]: Building es6.number.to-precision.js...
[1:16:06 PM]: Building es6.number.epsilon.js...
[1:16:06 PM]: Building es6.number.is-finite.js...
[1:16:06 PM]: Building es6.number.is-integer.js...
[1:16:06 PM]: Building es6.number.is-nan.js...
[1:16:06 PM]: Building es6.number.is-safe-integer.js...
[1:16:06 PM]: Building es6.number.max-safe-integer.js...
[1:16:06 PM]: Building es6.number.min-safe-integer.js...
[1:16:06 PM]: Building es6.number.parse-float.js...
[1:16:06 PM]: Building es6.number.parse-int.js...
[1:16:06 PM]: Building es6.math.acosh.js...
[1:16:06 PM]: Building es6.math.asinh.js...
[1:16:06 PM]: Building es6.math.atanh.js...
[1:16:06 PM]: Building es6.math.cbrt.js...
[1:16:06 PM]: Building es6.math.clz32.js...
[1:16:06 PM]: Building es6.math.cosh.js...
[1:16:06 PM]: Building es6.math.expm1.js...
[1:16:06 PM]: Building es6.math.fround.js...
[1:16:06 PM]: Building es6.math.hypot.js...
[1:16:06 PM]: Building es6.math.imul.js...
[1:16:06 PM]: Building es6.math.log10.js...
[1:16:06 PM]: Building es6.math.log1p.js...
[1:16:06 PM]: Building es6.math.log2.js...
[1:16:06 PM]: Building es6.math.sign.js...
[1:16:06 PM]: Building es6.math.sinh.js...
[1:16:06 PM]: Building es6.math.tanh.js...
[1:16:06 PM]: Building es6.math.trunc.js...
[1:16:06 PM]: Building es6.string.from-code-point.js...
[1:16:06 PM]: Building es6.string.raw.js...
[1:16:06 PM]: Building es6.string.trim.js...
[1:16:06 PM]: Building es6.string.iterator.js...
[1:16:06 PM]: Building es6.string.code-point-at.js...
[1:16:06 PM]: Building es6.string.ends-with.js...
[1:16:06 PM]: Building es6.string.includes.js...
[1:16:06 PM]: Building es6.string.repeat.js...
[1:16:06 PM]: Building es6.string.starts-with.js...
[1:16:06 PM]: Building es6.string.anchor.js...
[1:16:06 PM]: Building es6.string.big.js...
[1:16:06 PM]: Building es6.string.blink.js...
[1:16:06 PM]: Building es6.string.bold.js...
[1:16:06 PM]: Building es6.string.fixed.js...
[1:16:06 PM]: Building es6.string.fontcolor.js...
[1:16:06 PM]: Building es6.string.fontsize.js...
[1:16:06 PM]: Building es6.string.italics.js...
[1:16:06 PM]: Building es6.string.link.js...
[1:16:06 PM]: Building es6.string.small.js...
[1:16:06 PM]: Building es6.string.strike.js...
[1:16:06 PM]: Building es6.string.sub.js...
[1:16:06 PM]: Building es6.string.sup.js...
[1:16:06 PM]: Building es6.date.now.js...
[1:16:06 PM]: Building es6.date.to-json.js...
[1:16:06 PM]: Building es6.date.to-iso-string.js...
[1:16:06 PM]: Building es6.date.to-string.js...
[1:16:06 PM]: Building es6.date.to-primitive.js...
[1:16:06 PM]: Building es6.array.is-array.js...
[1:16:06 PM]: Building es6.array.from.js...
[1:16:06 PM]: Building es6.array.of.js...
[1:16:06 PM]: Building es6.array.join.js...
[1:16:06 PM]: Building es6.array.slice.js...
[1:16:06 PM]: Building es6.array.sort.js...
[1:16:06 PM]: Building es6.array.for-each.js...
[1:16:06 PM]: Building es6.array.map.js...
[1:16:06 PM]: Building es6.array.filter.js...
[1:16:06 PM]: Building es6.array.some.js...
[1:16:06 PM]: Building es6.array.every.js...
[1:16:06 PM]: Building es6.array.reduce.js...
[1:16:06 PM]: Building es6.array.reduce-right.js...
[1:16:06 PM]: Building es6.array.index-of.js...
[1:16:06 PM]: Building es6.array.last-index-of.js...
[1:16:06 PM]: Building es6.array.copy-within.js...
[1:16:06 PM]: Building es6.array.fill.js...
[1:16:06 PM]: Building es6.array.find.js...
[1:16:06 PM]: Building es6.array.find-index.js...
[1:16:06 PM]: Building es6.array.species.js...
[1:16:06 PM]: Building es6.array.iterator.js...
[1:16:06 PM]: Building es6.regexp.constructor.js...
[1:16:06 PM]: Building es6.regexp.exec.js...
[1:16:06 PM]: Building es6.regexp.to-string.js...
[1:16:06 PM]: Building es6.regexp.flags.js...
[1:16:06 PM]: Building es6.regexp.match.js...
[1:16:06 PM]: Building es6.regexp.replace.js...
[1:16:06 PM]: Building es6.regexp.search.js...
[1:16:06 PM]: Building es6.regexp.split.js...
[1:16:06 PM]: Building es6.promise.js...
[1:16:06 PM]: Building es6.map.js...
[1:16:06 PM]: Building es6.set.js...
[1:16:06 PM]: Building es6.weak-map.js...
[1:16:06 PM]: Building es6.weak-set.js...
[1:16:06 PM]: Building es6.typed.array-buffer.js...
[1:16:06 PM]: Building es6.typed.data-view.js...
[1:16:06 PM]: Building es6.typed.int8-array.js...
[1:16:06 PM]: Building es6.typed.uint8-array.js...
[1:16:06 PM]: Building es6.typed.uint8-clamped-array.js...
[1:16:06 PM]: Building es6.typed.int16-array.js...
[1:16:06 PM]: Building es6.typed.uint16-array.js...
[1:16:06 PM]: Building es6.typed.int32-array.js...
[1:16:06 PM]: Building es6.typed.uint32-array.js...
[1:16:06 PM]: Building es6.typed.float32-array.js...
[1:16:06 PM]: Building es6.typed.float64-array.js...
[1:16:06 PM]: Building es6.reflect.apply.js...
[1:16:06 PM]: Building es6.reflect.construct.js...
[1:16:06 PM]: Building es6.reflect.define-property.js...
[1:16:06 PM]: Building es6.reflect.delete-property.js...
[1:16:06 PM]: Building es6.reflect.enumerate.js...
[1:16:06 PM]: Building es6.reflect.get.js...
[1:16:06 PM]: Building es6.reflect.get-own-property-descriptor.js...
[1:16:06 PM]: Building es6.reflect.get-prototype-of.js...
[1:16:06 PM]: Building es6.reflect.has.js...
[1:16:06 PM]: Building es6.reflect.is-extensible.js...
[1:16:06 PM]: Building es6.reflect.own-keys.js...
[1:16:06 PM]: Building es6.reflect.prevent-extensions.js...
[1:16:06 PM]: Building es6.reflect.set.js...
[1:16:06 PM]: Building es6.reflect.set-prototype-of.js...
[1:16:06 PM]: Building es7.array.includes.js...
[1:16:06 PM]: Building es7.array.flat-map.js...
[1:16:06 PM]: Building es7.array.flatten.js...
[1:16:06 PM]: Building es7.string.at.js...
[1:16:06 PM]: Building es7.string.pad-start.js...
[1:16:06 PM]: Building es7.string.pad-end.js...
[1:16:06 PM]: Building es7.string.trim-left.js...
[1:16:06 PM]: Building es7.string.trim-right.js...
[1:16:06 PM]: Building es7.string.match-all.js...
[1:16:06 PM]: Building es7.symbol.async-iterator.js...
[1:16:06 PM]: Building es7.symbol.observable.js...
[1:16:06 PM]: Building es7.object.get-own-property-descriptors.js...
[1:16:06 PM]: Building es7.object.values.js...
[1:16:06 PM]: Building es7.object.entries.js...
[1:16:06 PM]: Building es7.object.define-getter.js...
[1:16:06 PM]: Building es7.object.define-setter.js...
[1:16:06 PM]: Building es7.object.lookup-getter.js...
[1:16:06 PM]: Building es7.object.lookup-setter.js...
[1:16:06 PM]: Building es7.map.to-json.js...
[1:16:06 PM]: Building es7.set.to-json.js...
[1:16:06 PM]: Building es7.map.of.js...
[1:16:06 PM]: Building es7.set.of.js...
[1:16:06 PM]: Building es7.weak-map.of.js...
[1:16:06 PM]: Building es7.weak-set.of.js...
[1:16:06 PM]: Building es7.map.from.js...
[1:16:06 PM]: Building es7.set.from.js...
[1:16:06 PM]: Building es7.weak-map.from.js...
[1:16:06 PM]: Building es7.weak-set.from.js...
[1:16:06 PM]: Building es7.global.js...
[1:16:06 PM]: Building es7.system.global.js...
[1:16:06 PM]: Building es7.error.is-error.js...
[1:16:06 PM]: Building es7.math.clamp.js...
[1:16:06 PM]: Building es7.math.deg-per-rad.js...
[1:16:06 PM]: Building es7.math.degrees.js...
[1:16:06 PM]: Building es7.math.fscale.js...
[1:16:06 PM]: Building es7.math.iaddh.js...
[1:16:06 PM]: Building es7.math.isubh.js...
[1:16:06 PM]: Building es7.math.imulh.js...
[1:16:06 PM]: Building es7.math.rad-per-deg.js...
[1:16:06 PM]: Building es7.math.radians.js...
[1:16:06 PM]: Building es7.math.scale.js...
[1:16:06 PM]: Building es7.math.umulh.js...
[1:16:06 PM]: Building es7.math.signbit.js...
[1:16:06 PM]: Building es7.promise.finally.js...
[1:16:06 PM]: Building es7.promise.try.js...
[1:16:06 PM]: Building es7.reflect.define-metadata.js...
[1:16:06 PM]: Building es7.reflect.delete-metadata.js...
[1:16:06 PM]: Building es7.reflect.get-metadata.js...
[1:16:06 PM]: Building es7.reflect.get-metadata-keys.js...
[1:16:06 PM]: Building es7.reflect.get-own-metadata.js...
[1:16:06 PM]: Building es7.reflect.get-own-metadata-keys.js...
[1:16:06 PM]: Building es7.reflect.has-metadata.js...
[1:16:06 PM]: Building es7.reflect.has-own-metadata.js...
[1:16:06 PM]: Building es7.reflect.metadata.js...
[1:16:06 PM]: Building es7.asap.js...
[1:16:06 PM]: Building es7.observable.js...
[1:16:06 PM]: Building web.timers.js...
[1:16:06 PM]: Building web.immediate.js...
[1:16:06 PM]: Building web.dom.iterable.js...
[1:16:06 PM]: Building runtime.js...
[1:16:06 PM]: Built ../../node_modules/@babel/runtime/helpers/asyncToGenerator.js...
[1:16:06 PM]: Building axios.js...
[1:16:06 PM]: Building arrayWithHoles.js...
[1:16:06 PM]: Building iterableToArrayLimit.js...
[1:16:06 PM]: Building nonIterableRest.js...
[1:16:06 PM]: Building index.js...
[1:16:06 PM]: Building factoryWithTypeCheckers.js...
[1:16:06 PM]: Building interopRequireDefault.js...
[1:16:06 PM]: Building mixed.js...
[1:16:06 PM]: Building boolean.js...
[1:16:06 PM]: Building string.js...
[1:16:06 PM]: Building number.js...
[1:16:06 PM]: Building date.js...
[1:16:06 PM]: Building object.js...
[1:16:06 PM]: Building array.js...
[1:16:06 PM]: Building Reference.js...
[1:16:06 PM]: Building Lazy.js...
[1:16:06 PM]: Building ValidationError.js...
[1:16:06 PM]: Building reach.js...
[1:16:06 PM]: Building isSchema.js...
[1:16:06 PM]: Building setLocale.js...
[1:16:06 PM]: Building index.js...
[1:16:06 PM]: Building index.js...
[1:16:06 PM]: Building index.js...
[1:16:06 PM]: Building index.js...
[1:16:06 PM]: Building index.js...
[1:16:06 PM]: Building index.js...
[1:16:06 PM]: Building index.js...
[1:16:06 PM]: Building index.js...
[1:16:06 PM]: Building index.js...
[1:16:06 PM]: Building index.js...
[1:16:06 PM]: Building index.js...
[1:16:06 PM]: Building index.js...
[1:16:06 PM]: Building index.js...
[1:16:06 PM]: Building index.js...
[1:16:06 PM]: Building index.js...
[1:16:06 PM]: Building index.js...
[1:16:06 PM]: Building index.js...
[1:16:06 PM]: Building index.js...
[1:16:06 PM]: Building index.js...
[1:16:06 PM]: Building index.js...
[1:16:06 PM]: Building index.js...
[1:16:06 PM]: Building index.js...
[1:16:06 PM]: Building index.js...
[1:16:06 PM]: Building index.js...
[1:16:06 PM]: Building index.js...
[1:16:06 PM]: Building index.js...
[1:16:06 PM]: Building index.js...
[1:16:06 PM]: Building index.js...
[1:16:06 PM]: Building index.js...
[1:16:06 PM]: Building index.js...
[1:16:06 PM]: Building index.js...
[1:16:06 PM]: Building index.js...
[1:16:06 PM]: Building index.js...
[1:16:06 PM]: Building index.js...
[1:16:06 PM]: Building index.js...
[1:16:06 PM]: Building index.js...
[1:16:06 PM]: Building index.js...
[1:16:06 PM]: Building index.js...
[1:16:06 PM]: Building index.js...
[1:16:06 PM]: Building index.js...
[1:16:06 PM]: Built ../../node_modules/parcel-bundler/src/builtins/bundle-url.js...
[1:16:06 PM]: Built ../../node_modules/parcel-bundler/src/builtins/css-loader.js...
[1:16:06 PM]: Built assets/styles/normalize.css...
[1:16:06 PM]: 🚨  /Users/rballa/dev/roundhouse/node_modules/yup/node_modules/@babel/runtime/helpers/interopRequireDefault.js: ENOENT: no such file or directory, open '/Users/rballa/dev/roundhouse/node_modules/yup/node_modules/@babel/runtime/helpers/interopRequireDefault.js'
[1:16:06 PM]: Error: ENOENT: no such file or directory, open '/Users/rballa/dev/roundhouse/node_modules/yup/node_modules/@babel/runtime/helpers/interopRequireDefault.js'
[1:16:06 PM]: Built config/styles.js...
[1:16:06 PM]: Built ../../node_modules/core-js/modules/_replacer.js...
[1:16:06 PM]: Built ../../node_modules/core-js/modules/es6.object.is-frozen.js...
[1:16:06 PM]: Built ../../node_modules/core-js/modules/es6.object.is-sealed.js...
[1:16:06 PM]: Built ../../node_modules/core-js/modules/es6.object.is-extensible.js...
[1:16:06 PM]: Built ../../node_modules/core-js/modules/es6.object.freeze.js...
[1:16:06 PM]: Built ../../node_modules/core-js/modules/es6.object.prevent-extensions.js...
[1:16:06 PM]: Built ../../node_modules/core-js/modules/es6.function.name.js...
[1:16:06 PM]: Built ../../node_modules/core-js/modules/es6.number.epsilon.js...
[1:16:06 PM]: Built ../../node_modules/core-js/modules/es6.number.is-nan.js...
[1:16:06 PM]: Built ../../node_modules/core-js/modules/es6.number.max-safe-integer.js...
[1:16:06 PM]: Built ../../node_modules/core-js/modules/es6.number.parse-float.js...
[1:16:06 PM]: Built ../../node_modules/core-js/modules/es6.number.parse-int.js...
[1:16:06 PM]: Built ../../node_modules/core-js/modules/es6.math.asinh.js...
[1:16:06 PM]: Built ../../node_modules/core-js/modules/es6.math.atanh.js...
[1:16:06 PM]: Built ../../node_modules/core-js/modules/es6.number.is-integer.js...
[1:16:06 PM]: Built ../../node_modules/core-js/modules/es6.math.imul.js...
[1:16:06 PM]: Built ../../node_modules/core-js/modules/es6.math.log10.js...
[1:16:06 PM]: Built ../../node_modules/core-js/modules/es6.number.min-safe-integer.js...
[1:16:06 PM]: Built ../../node_modules/core-js/modules/es6.math.log2.js...
[1:16:06 PM]: Built ../../node_modules/core-js/modules/es6.math.cosh.js...
[1:16:06 PM]: Built ../../node_modules/core-js/modules/es6.math.hypot.js...
[1:16:06 PM]: Built ../../node_modules/core-js/modules/es6.math.clz32.js...
[1:16:06 PM]: Built ../../node_modules/core-js/modules/es6.math.cbrt.js...
[1:16:06 PM]: Built ../../node_modules/core-js/modules/es6.math.trunc.js...
[1:16:06 PM]: Built ../../node_modules/core-js/modules/es6.math.sinh.js...
[1:16:06 PM]: Built ../../node_modules/core-js/modules/es6.math.tanh.js...
[1:16:06 PM]: Built ../../node_modules/core-js/modules/es6.math.log1p.js...
[1:16:06 PM]: Built ../../node_modules/core-js/modules/es6.string.ends-with.js...
[1:16:06 PM]: Built ../../node_modules/core-js/modules/es6.string.bold.js...
[1:16:06 PM]: Built ../../node_modules/core-js/modules/es6.string.starts-with.js...
[1:16:06 PM]: Built ../../node_modules/core-js/modules/es6.string.code-point-at.js...
[1:16:06 PM]: Built ../../node_modules/core-js/modules/es6.string.fixed.js...
[1:16:06 PM]: Built ../../node_modules/core-js/modules/es6.string.fontsize.js...
[1:16:06 PM]: Built ../../node_modules/core-js/modules/es6.string.fontcolor.js...
[1:16:06 PM]: Built ../../node_modules/core-js/modules/es6.string.italics.js...
[1:16:06 PM]: Built ../../node_modules/core-js/modules/es6.string.blink.js...
[1:16:06 PM]: Built ../../node_modules/core-js/modules/es6.string.small.js...
[1:16:06 PM]: Built ../../node_modules/core-js/modules/es6.string.big.js...
[1:16:06 PM]: Built ../../node_modules/core-js/modules/es6.string.strike.js...
[1:16:06 PM]: Built ../../node_modules/core-js/modules/es6.string.link.js...
[1:16:06 PM]: Built ../../node_modules/core-js/modules/es6.string.sub.js...
[1:16:06 PM]: Built ../../node_modules/core-js/modules/es6.string.sup.js...
[1:16:06 PM]: Built ../../node_modules/core-js/modules/es6.date.now.js...
[1:16:06 PM]: Built ../../node_modules/core-js/modules/es6.date.to-string.js...
[1:16:06 PM]: Built ../../node_modules/core-js/modules/es6.array.some.js...
[1:16:06 PM]: Built ../../node_modules/core-js/modules/es6.array.filter.js...
[1:16:06 PM]: Built ../../node_modules/core-js/modules/es6.array.every.js...
[1:16:06 PM]: Built ../../node_modules/core-js/modules/es6.array.for-each.js...
[1:16:06 PM]: Built ../../node_modules/core-js/modules/es6.array.reduce.js...
[1:16:06 PM]: Built ../../node_modules/core-js/modules/es6.array.find-index.js...
[1:16:06 PM]: Built ../../node_modules/core-js/modules/es6.array.find.js...
[1:16:06 PM]: Built ../../node_modules/core-js/modules/es6.set.js...
[1:16:06 PM]: Built ../../node_modules/core-js/modules/es6.typed.uint8-array.js...
[1:16:06 PM]: Built ../../node_modules/core-js/modules/es6.typed.uint16-array.js...
[1:16:06 PM]: Built ../../node_modules/core-js/modules/es6.typed.int32-array.js...
[1:16:06 PM]: Built ../../node_modules/core-js/modules/es6.typed.uint8-clamped-array.js...
[1:16:06 PM]: Built ../../node_modules/core-js/modules/es6.typed.float32-array.js...
[1:16:06 PM]: Built ../../node_modules/core-js/modules/es6.reflect.apply.js...
[1:16:06 PM]: Built ../../node_modules/core-js/modules/es6.typed.int16-array.js...
[1:16:06 PM]: Built ../../node_modules/core-js/modules/es6.typed.uint32-array.js...
[1:16:06 PM]: Built ../../node_modules/core-js/modules/es6.reflect.define-property.js...
[1:16:06 PM]: Built ../../node_modules/core-js/modules/es6.reflect.delete-property.js...
[1:16:06 PM]: Built ../../node_modules/core-js/modules/es6.typed.float64-array.js...
[1:16:06 PM]: Built ../../node_modules/core-js/modules/es6.reflect.get-own-property-descriptor.js...
[1:16:06 PM]: Built ../../node_modules/core-js/modules/es6.reflect.has.js...
[1:16:06 PM]: Built ../../node_modules/core-js/modules/es6.reflect.get-prototype-of.js...
[1:16:06 PM]: Built ../../node_modules/core-js/modules/es6.reflect.set-prototype-of.js...
[1:16:06 PM]: Built ../../node_modules/core-js/modules/es6.reflect.is-extensible.js...
[1:16:06 PM]: Built ../../node_modules/core-js/modules/es7.string.at.js...
[1:16:06 PM]: Built ../../node_modules/core-js/modules/es7.string.pad-end.js...
[1:16:06 PM]: Built ../../node_modules/core-js/modules/es7.string.trim-right.js...
[1:16:06 PM]: Built ../../node_modules/core-js/modules/es7.string.trim-left.js...
[1:16:06 PM]: Built ../../node_modules/core-js/modules/es6.reflect.prevent-extensions.js...
[1:16:06 PM]: Built ../../node_modules/core-js/modules/es7.array.flat-map.js...
[1:16:06 PM]: Built ../../node_modules/core-js/modules/es7.array.includes.js...
[1:16:06 PM]: Built ../../node_modules/core-js/modules/es7.symbol.observable.js...
[1:16:06 PM]: Built ../../node_modules/core-js/modules/es7.object.get-own-property-descriptors.js...
[1:16:06 PM]: Built ../../node_modules/core-js/modules/es7.object.entries.js...
[1:16:06 PM]: Built ../../node_modules/core-js/modules/es7.object.lookup-getter.js...
[1:16:06 PM]: Built ../../node_modules/core-js/modules/es7.object.define-setter.js...
[1:16:06 PM]: Built ../../node_modules/core-js/modules/es7.set.to-json.js...
[1:16:06 PM]: Built ../../node_modules/core-js/modules/es7.weak-map.of.js...
[1:16:06 PM]: Built ../../node_modules/core-js/modules/es7.object.lookup-setter.js...
[1:16:06 PM]: Built ../../node_modules/core-js/modules/es7.weak-set.of.js...
[1:16:06 PM]: Built ../../node_modules/core-js/modules/es7.set.of.js...
[1:16:06 PM]: Built ../../node_modules/core-js/modules/es7.set.from.js...
[1:16:06 PM]: Built ../../node_modules/core-js/modules/es7.system.global.js...
[1:16:06 PM]: Built ../../node_modules/core-js/modules/es7.weak-set.from.js...
[1:16:06 PM]: Built ../../node_modules/core-js/modules/es7.weak-map.from.js...
[1:16:06 PM]: Built ../../node_modules/core-js/modules/es7.math.clamp.js...
[1:16:06 PM]: Built ../../node_modules/core-js/modules/es7.global.js...
[1:16:06 PM]: Built ../../node_modules/core-js/modules/es7.error.is-error.js...
[1:16:06 PM]: Built ../../node_modules/core-js/modules/es7.math.deg-per-rad.js...
[1:16:06 PM]: Built ../../node_modules/core-js/modules/es7.math.degrees.js...
[1:16:06 PM]: Built ../../node_modules/core-js/modules/es7.math.iaddh.js...
[1:16:06 PM]: Built ../../node_modules/core-js/modules/es7.math.isubh.js...
[1:16:06 PM]: Built ../../node_modules/core-js/modules/es7.math.rad-per-deg.js...
[1:16:06 PM]: Built ../../node_modules/core-js/modules/es7.math.imulh.js...
[1:16:06 PM]: Built ../../node_modules/core-js/modules/es7.math.scale.js...
[1:16:06 PM]: Built ../../node_modules/core-js/modules/es7.math.signbit.js...
[1:16:06 PM]: Built ../../node_modules/core-js/modules/es7.math.umulh.js...
[1:16:06 PM]: Built ../../node_modules/core-js/modules/es7.reflect.define-metadata.js...
[1:16:06 PM]: Built ../../node_modules/core-js/modules/es7.reflect.get-metadata.js...
[1:16:06 PM]: Built ../../node_modules/core-js/modules/es7.reflect.get-own-metadata.js...
[1:16:06 PM]: Built ../../node_modules/core-js/modules/es7.math.radians.js...
[1:16:06 PM]: Built ../../node_modules/core-js/modules/es7.reflect.has-metadata.js...
[1:16:06 PM]: Built ../../node_modules/core-js/modules/es7.reflect.has-own-metadata.js...
[1:16:06 PM]: Built ../../node_modules/core-js/modules/es7.reflect.metadata.js...
[1:16:06 PM]: Built ../../node_modules/core-js/modules/es7.reflect.get-own-metadata-keys.js...
[1:16:06 PM]: Built ../../node_modules/core-js/modules/web.timers.js...
[1:16:06 PM]: Built ../../node_modules/core-js/modules/es6.regexp.search.js...
[1:16:06 PM]: Built ../../node_modules/core-js/modules/es6.weak-map.js...
[1:16:06 PM]: Built ../../node_modules/core-js/modules/es6.typed.array-buffer.js...
[1:16:06 PM]: Built ../../node_modules/core-js/modules/es6.reflect.construct.js...
[1:16:06 PM]: Built ../../node_modules/core-js/modules/web.dom.iterable.js...
[1:16:06 PM]: Built ../../node_modules/babel-polyfill/node_modules/regenerator-runtime/runtime.js...
[1:16:06 PM]: Built ../../node_modules/@babel/runtime/helpers/arrayWithHoles.js...
[1:16:06 PM]: Built ../../node_modules/@babel/runtime/helpers/nonIterableRest.js...
[1:16:06 PM]: Built ../../node_modules/@babel/runtime/helpers/iterableToArrayLimit.js...
[1:16:06 PM]: Built ../../node_modules/@babel/runtime/helpers/slicedToArray.js...
[1:16:06 PM]: Built ../../node_modules/core-js/modules/es6.number.constructor.js...
[1:16:06 PM]: Built ../../node_modules/core-js/modules/es6.number.to-fixed.js...
[1:16:06 PM]: Built ../../node_modules/core-js/modules/es6.regexp.replace.js...
[1:16:06 PM]: Built ../../node_modules/core-js/modules/es6.regexp.split.js...
[1:16:06 PM]: Built ../../node_modules/yup/lib/util/isSchema.js...
[1:16:06 PM]: Built ../../node_modules/yup/lib/Lazy.js...
[1:16:06 PM]: Built ../../node_modules/core-js/modules/es6.promise.js...
[1:16:06 PM]: Built ../../node_modules/yup/lib/number.js...
[1:16:06 PM]: Built ../../node_modules/yup/lib/string.js...
[1:16:06 PM]: Built ../../node_modules/core-js/modules/_to-object.js...
[1:16:06 PM]: Built ../../node_modules/core-js/modules/_descriptors.js...
[1:16:06 PM]: Built ../../node_modules/core-js/modules/_object-sap.js...
[1:16:06 PM]: Built ../../node_modules/core-js/modules/_object-dps.js...
[1:16:06 PM]: Built ../../node_modules/core-js/modules/es6.object.define-properties.js...
[1:16:06 PM]: Built ../../node_modules/core-js/modules/_is-object.js...
[1:16:06 PM]: Built ../../node_modules/core-js/modules/_object-gopn-ext.js...
[1:16:06 PM]: Built ../../node_modules/core-js/modules/es6.object.get-own-property-names.js...
[1:16:06 PM]: Built ../../node_modules/core-js/modules/_to-iobject.js...
[1:16:06 PM]: Built ../../node_modules/core-js/modules/_object-gopd.js...
[1:16:06 PM]: Built ../../node_modules/core-js/modules/es6.object.get-own-property-descriptor.js...
[1:16:06 PM]: Built ../../node_modules/core-js/modules/_a-number-value.js...
[1:16:06 PM]: Built ../../node_modules/core-js/modules/_fails.js...
[1:16:06 PM]: Built ../../node_modules/core-js/modules/es6.number.to-precision.js...
[1:16:06 PM]: Built ../../node_modules/core-js/modules/_same-value.js...
[1:16:06 PM]: Built ../../node_modules/core-js/modules/es6.object.is.js...
[1:16:06 PM]: Built ../../node_modules/core-js/modules/_set-proto.js...
[1:16:06 PM]: Built ../../node_modules/core-js/modules/es6.object.set-prototype-of.js...
[1:16:06 PM]: Built ../../node_modules/core-js/modules/_wks.js...
[1:16:06 PM]: Built ../../node_modules/core-js/modules/es6.function.has-instance.js...
[1:16:06 PM]: Built ../../node_modules/core-js/modules/_is-integer.js...
[1:16:06 PM]: Built ../../node_modules/core-js/modules/es6.number.is-safe-integer.js...
[1:16:06 PM]: Built ../../node_modules/core-js/modules/_parse-float.js...
[1:16:06 PM]: Built ../../node_modules/core-js/modules/es6.parse-float.js...
[1:16:06 PM]: Built ../../node_modules/core-js/modules/_classof.js...
[1:16:06 PM]: Built ../../node_modules/core-js/modules/_global.js...
[1:16:06 PM]: Built ../../node_modules/core-js/modules/es6.number.is-finite.js...
[1:16:06 PM]: Built ../../node_modules/core-js/modules/_math-log1p.js...
[1:16:06 PM]: Built ../../node_modules/core-js/modules/es6.math.acosh.js...
[1:16:06 PM]: Built ../../node_modules/core-js/modules/_math-expm1.js...
[1:16:06 PM]: Built ../../node_modules/core-js/modules/es6.math.expm1.js...
[1:16:06 PM]: Built ../../node_modules/core-js/modules/_math-fround.js...
[1:16:06 PM]: Built ../../node_modules/core-js/modules/es6.math.fround.js...
[1:16:06 PM]: Built ../../node_modules/core-js/modules/_math-sign.js...
[1:16:06 PM]: Built ../../node_modules/core-js/modules/es6.math.sign.js...
[1:16:06 PM]: Built ../../node_modules/core-js/modules/_to-length.js...
[1:16:06 PM]: Built ../../node_modules/core-js/modules/es6.string.raw.js...
[1:16:06 PM]: Built ../../node_modules/core-js/modules/_string-context.js...
[1:16:06 PM]: Built ../../node_modules/core-js/modules/_fails-is-regexp.js...
[1:16:06 PM]: Built ../../node_modules/core-js/modules/es6.string.includes.js...
[1:16:06 PM]: Built ../../node_modules/core-js/modules/_to-absolute-index.js...
[1:16:06 PM]: Built ../../node_modules/core-js/modules/es6.string.from-code-point.js...
[1:16:06 PM]: Built ../../node_modules/core-js/modules/_string-repeat.js...
[1:16:06 PM]: Built ../../node_modules/core-js/modules/es6.string.repeat.js...
[1:16:06 PM]: Built ../../node_modules/core-js/modules/_string-at.js...
[1:16:06 PM]: Built ../../node_modules/core-js/modules/_string-html.js...
[1:16:06 PM]: Built ../../node_modules/core-js/modules/es6.string.anchor.js...
[1:16:06 PM]: Built ../../node_modules/core-js/modules/_string-trim.js...
[1:16:06 PM]: Built ../../node_modules/core-js/modules/es6.string.trim.js...
[1:16:06 PM]: Built ../../node_modules/core-js/modules/_is-array.js...
[1:16:06 PM]: Built ../../node_modules/core-js/modules/es6.array.is-array.js...
[1:16:06 PM]: Built ../../node_modules/core-js/modules/_create-property.js...
[1:16:06 PM]: Built ../../node_modules/core-js/modules/es6.array.of.js...
[1:16:06 PM]: Built ../../node_modules/core-js/modules/_iobject.js...
[1:16:06 PM]: Built ../../node_modules/core-js/modules/_strict-method.js...
[1:16:06 PM]: Built ../../node_modules/core-js/modules/es6.array.join.js...
[1:16:06 PM]: Built ../../node_modules/core-js/modules/_html.js...
[1:16:06 PM]: Built ../../node_modules/core-js/modules/_cof.js...
[1:16:06 PM]: Built ../../node_modules/core-js/modules/es6.array.slice.js...
[1:16:06 PM]: Built ../../node_modules/core-js/modules/_to-primitive.js...
[1:16:06 PM]: Built ../../node_modules/core-js/modules/es6.date.to-json.js...
[1:16:06 PM]: Built ../../node_modules/core-js/modules/_date-to-iso-string.js...
[1:16:06 PM]: Built ../../node_modules/core-js/modules/es6.date.to-iso-string.js...
[1:16:06 PM]: Built ../../node_modules/core-js/modules/_a-function.js...
[1:16:06 PM]: Built ../../node_modules/core-js/modules/es6.array.sort.js...
[1:16:06 PM]: Built ../../node_modules/core-js/modules/_array-reduce.js...
[1:16:06 PM]: Built ../../node_modules/core-js/modules/es6.array.reduce-right.js...
[1:16:06 PM]: Built ../../node_modules/core-js/modules/_hide.js...
[1:16:06 PM]: Built ../../node_modules/core-js/modules/_date-to-primitive.js...
[1:16:06 PM]: Built ../../node_modules/core-js/modules/es6.date.to-primitive.js...
[1:16:06 PM]: Built ../../node_modules/core-js/modules/_array-includes.js...
[1:16:06 PM]: Built ../../node_modules/core-js/modules/es6.array.index-of.js...
[1:16:06 PM]: Built ../../node_modules/core-js/modules/_to-integer.js...
[1:16:06 PM]: Built ../../node_modules/core-js/modules/es6.array.last-index-of.js...
[1:16:06 PM]: Built ../../node_modules/core-js/modules/_array-copy-within.js...
[1:16:06 PM]: Built ../../node_modules/core-js/modules/_add-to-unscopables.js...
[1:16:06 PM]: Built ../../node_modules/core-js/modules/es6.array.copy-within.js...
[1:16:06 PM]: Built ../../node_modules/core-js/modules/_array-fill.js...
[1:16:06 PM]: Built ../../node_modules/core-js/modules/es6.array.fill.js...
[1:16:06 PM]: Built ../../node_modules/core-js/modules/_set-species.js...
[1:16:06 PM]: Built ../../node_modules/core-js/modules/es6.array.species.js...
[1:16:06 PM]: Built ../../node_modules/core-js/modules/_flags.js...
[1:16:06 PM]: Built ../../node_modules/core-js/modules/es6.regexp.flags.js...
[1:16:06 PM]: Built ../../node_modules/core-js/modules/_an-object.js...
[1:16:06 PM]: Built ../../node_modules/core-js/modules/es6.regexp.to-string.js...
[1:16:07 PM]: Built ../../node_modules/core-js/modules/_typed.js...
[1:16:07 PM]: Built ../../node_modules/core-js/modules/_validate-collection.js...
[1:16:07 PM]: Built ../../node_modules/core-js/modules/_iter-create.js...
[1:16:07 PM]: Built ../../node_modules/core-js/modules/es6.reflect.enumerate.js...
[1:16:07 PM]: Built ../../node_modules/core-js/modules/_has.js...
[1:16:07 PM]: Built ../../node_modules/core-js/modules/es6.reflect.get.js...
[1:16:07 PM]: Built ../../node_modules/core-js/modules/_own-keys.js...
[1:16:07 PM]: Built ../../node_modules/core-js/modules/es6.reflect.own-keys.js...
[1:16:07 PM]: Built ../../node_modules/core-js/modules/_string-pad.js...
[1:16:07 PM]: Built ../../node_modules/core-js/modules/_user-agent.js...
[1:16:07 PM]: Built ../../node_modules/core-js/modules/es7.string.pad-start.js...
[1:16:07 PM]: Built ../../node_modules/core-js/modules/_wks-define.js...
[1:16:07 PM]: Built ../../node_modules/core-js/modules/es7.symbol.async-iterator.js...
[1:16:07 PM]: Built ../../node_modules/core-js/modules/_object-to-array.js...
[1:16:07 PM]: Built ../../node_modules/core-js/modules/es7.object.values.js...
[1:16:07 PM]: Built ../../node_modules/core-js/modules/_object-forced-pam.js...
[1:16:07 PM]: Built ../../node_modules/core-js/modules/es7.object.define-getter.js...
[1:16:07 PM]: Built ../../node_modules/core-js/modules/_collection-to-json.js...
[1:16:07 PM]: Built ../../node_modules/core-js/modules/es7.map.to-json.js...
[1:16:07 PM]: Built ../../node_modules/core-js/modules/_set-collection-of.js...
[1:16:07 PM]: Built ../../node_modules/core-js/modules/es7.map.of.js...
[1:16:07 PM]: Built ../../node_modules/core-js/modules/_set-collection-from.js...
[1:16:07 PM]: Built ../../node_modules/core-js/modules/es7.map.from.js...
[1:16:07 PM]: Built ../../node_modules/core-js/modules/_math-scale.js...
[1:16:07 PM]: Built ../../node_modules/core-js/modules/es7.math.fscale.js...
[1:16:07 PM]: Built ../../node_modules/core-js/modules/_species-constructor.js...
[1:16:07 PM]: Built ../../node_modules/core-js/modules/_promise-resolve.js...
[1:16:07 PM]: Built ../../node_modules/core-js/modules/es7.promise.finally.js...
[1:16:07 PM]: Built ../../node_modules/core-js/modules/_new-promise-capability.js...
[1:16:07 PM]: Built ../../node_modules/core-js/modules/_perform.js...
[1:16:07 PM]: Built ../../node_modules/core-js/modules/es7.promise.try.js...
[1:16:07 PM]: Built ../../node_modules/core-js/modules/_array-from-iterable.js...
[1:16:07 PM]: Built ../../node_modules/core-js/modules/es7.reflect.get-metadata-keys.js...
[1:16:07 PM]: Built components/organisms/MainNavigation.js...
[1:16:07 PM]: Built ../../node_modules/core-js/modules/_ctx.js...
[1:16:07 PM]: Built ../../node_modules/core-js/modules/_export.js...
[1:16:07 PM]: Built ../../node_modules/core-js/modules/core.regexp.escape.js...
[1:16:07 PM]: Built ../../node_modules/core-js/fn/regexp/escape.js...
[1:16:07 PM]: Built ../../node_modules/core-js/modules/_meta.js...
[1:16:07 PM]: Built ../../node_modules/core-js/modules/es6.object.seal.js...
[1:16:07 PM]: Built ../../node_modules/core-js/modules/_object-assign.js...
[1:16:07 PM]: Built ../../node_modules/core-js/modules/es6.object.assign.js...
[1:16:07 PM]: Built ../../node_modules/core-js/modules/_array-methods.js...
[1:16:07 PM]: Built ../../node_modules/core-js/modules/es6.array.map.js...
[1:16:07 PM]: Built ../../node_modules/core-js/modules/_iter-call.js...
[1:16:07 PM]: Built ../../node_modules/core-js/modules/_iter-detect.js...
[1:16:07 PM]: Built ../../node_modules/core-js/modules/_is-array-iter.js...
[1:16:07 PM]: Built ../../node_modules/core-js/modules/core.get-iterator-method.js...
[1:16:07 PM]: Built ../../node_modules/core-js/modules/es6.array.from.js...
[1:16:07 PM]: Built ../../node_modules/core-js/modules/_inherit-if-required.js...
[1:16:07 PM]: Built ../../node_modules/core-js/modules/_regexp-exec.js...
[1:16:07 PM]: Built ../../node_modules/core-js/modules/es6.regexp.exec.js...
[1:16:07 PM]: Built ../../node_modules/core-js/modules/_is-regexp.js...
[1:16:07 PM]: Built ../../node_modules/core-js/modules/_iter-step.js...
[1:16:07 PM]: Built ../../node_modules/core-js/modules/_object-gopn.js...
[1:16:07 PM]: Built ../../node_modules/core-js/modules/es6.regexp.constructor.js...
[1:16:07 PM]: Built ../../node_modules/core-js/modules/_iterators.js...
[1:16:07 PM]: Built ../../node_modules/core-js/modules/es6.array.iterator.js...
[1:16:07 PM]: Built ../../node_modules/core-js/modules/_advance-string-index.js...
[1:16:07 PM]: Built ../../node_modules/core-js/modules/_regexp-exec-abstract.js...
[1:16:07 PM]: Built ../../node_modules/core-js/modules/_flatten-into-array.js...
[1:16:07 PM]: Built ../../node_modules/core-js/modules/_property-desc.js...
[1:16:07 PM]: Built ../../node_modules/core-js/modules/es6.reflect.set.js...
[1:16:07 PM]: Built ../../node_modules/core-js/modules/_defined.js...
[1:16:07 PM]: Built ../../node_modules/core-js/modules/es7.string.match-all.js...
[1:16:07 PM]: Built ../../node_modules/core-js/modules/_metadata.js...
[1:16:07 PM]: Built ../../node_modules/core-js/modules/es7.reflect.delete-metadata.js...
[1:16:07 PM]: Built ../../node_modules/core-js/modules/_microtask.js...
[1:16:07 PM]: Built ../../node_modules/core-js/modules/es7.asap.js...
[1:16:07 PM]: Built ../../node_modules/core-js/modules/_iter-define.js...
[1:16:07 PM]: Built ../../node_modules/core-js/modules/es6.string.iterator.js...
[1:16:07 PM]: Built ../../node_modules/core-js/modules/_collection.js...
[1:16:07 PM]: Built ../../node_modules/core-js/modules/_collection-weak.js...
[1:16:07 PM]: Built ../../node_modules/core-js/modules/es6.weak-set.js...
[1:16:07 PM]: Built ../../node_modules/core-js/modules/_task.js...
[1:16:07 PM]: Built ../../node_modules/core-js/modules/web.immediate.js...
[1:16:07 PM]: Built ../../node_modules/axios/lib/helpers/bind.js...
[1:16:07 PM]: Built ../../node_modules/axios/lib/cancel/isCancel.js...
[1:16:07 PM]: Built ../../node_modules/axios/lib/helpers/spread.js...
[1:16:07 PM]: Built ../../node_modules/axios/lib/cancel/Cancel.js...
[1:16:07 PM]: Built ../../node_modules/core-js/modules/_fix-re-wks.js...
[1:16:07 PM]: Built ../../node_modules/core-js/modules/es6.regexp.match.js...
[1:16:07 PM]: Built ../../node_modules/tiny-invariant/dist/tiny-invariant.esm.js...
[1:16:07 PM]: Built ../../node_modules/tiny-warning/dist/tiny-warning.esm.js...
[1:16:07 PM]: Built ../../node_modules/axios/lib/core/mergeConfig.js...
[1:16:07 PM]: Built ../../node_modules/axios/lib/cancel/CancelToken.js...
[1:16:07 PM]: Built ../../node_modules/core-js/modules/_collection-strong.js...
[1:16:07 PM]: Built ../../node_modules/core-js/modules/es6.map.js...
[1:16:07 PM]: Built ../../node_modules/core-js/modules/_for-of.js...
[1:16:07 PM]: Built ../../node_modules/core-js/modules/_redefine-all.js...
[1:16:07 PM]: Built ../../node_modules/core-js/modules/_an-instance.js...
[1:16:07 PM]: Built ../../node_modules/core-js/modules/es7.observable.js...
[1:16:07 PM]: Built ../../node_modules/evergreen-ui/esm/constants/src/StackingOrder.js...
[1:16:07 PM]: Built ../../node_modules/evergreen-ui/esm/constants/src/Position.js...
[1:16:07 PM]: Built ../../node_modules/evergreen-ui/esm/constants/src/Intent.js...
[1:16:07 PM]: Built ../../node_modules/evergreen-ui/esm/constants/index.js...
[1:16:07 PM]: Built ../../node_modules/evergreen-ui/esm/select-menu/src/OptionShapePropType.js...
[1:16:07 PM]: Built ../../node_modules/evergreen-ui/esm/select-menu/src/SelectedPropType.js...
[1:16:07 PM]: Built ../../node_modules/evergreen-ui/esm/scales/src/minorScale.js...
[1:16:07 PM]: Built ../../node_modules/evergreen-ui/esm/scales/src/majorScale.js...
[1:16:07 PM]: Built ../../node_modules/evergreen-ui/esm/scales/index.js...
[1:16:07 PM]: Built ../../node_modules/evergreen-ui/esm/stack/src/StackingContext.js...
[1:16:07 PM]: Built ../../node_modules/evergreen-ui/esm/theme/src/ThemeContext.js...
[1:16:07 PM]: Built ../../node_modules/yup/lib/util/inherits.js...
[1:16:07 PM]: Built ../../node_modules/yup/lib/boolean.js...
[1:16:07 PM]: Built ../../node_modules/yup/lib/locale.js...
[1:16:07 PM]: Built ../../node_modules/yup/lib/setLocale.js...
[1:16:07 PM]: Built ../../node_modules/evergreen-ui/esm/buttons/src/BackButton.js...
[1:16:07 PM]: Built ../../node_modules/evergreen-ui/esm/form-field/src/FormFieldDescription.js...
[1:16:07 PM]: Built ../../node_modules/evergreen-ui/esm/form-field/src/FormFieldHint.js...
[1:16:07 PM]: Built ../../node_modules/evergreen-ui/esm/layers/src/Card.js...
[1:16:07 PM]: Built ../../node_modules/evergreen-ui/esm/table/src/TableHeaderCell.js...
[1:16:07 PM]: Built ../../node_modules/evergreen-ui/esm/tabs/src/Tablist.js...
[1:16:07 PM]: Built ../../node_modules/evergreen-ui/esm/tabs/src/TabNavigation.js...
[1:16:07 PM]: Built ../../node_modules/@babel/runtime/helpers/extends.js...
[1:16:07 PM]: Built ../../node_modules/yup/lib/util/isAbsent.js...
[1:16:07 PM]: Built components/atoms/forms/Error.js...
[1:16:07 PM]: Built ../../node_modules/yup/lib/util/printValue.js...
[1:16:07 PM]: Built ../../node_modules/yup/lib/ValidationError.js...
[1:16:07 PM]: Built ../../node_modules/core-js/modules/_wks-ext.js...
[1:16:07 PM]: Built ../../node_modules/core-js/modules/_set-to-string-tag.js...
[1:16:07 PM]: Built ../../node_modules/core-js/modules/_enum-keys.js...
[1:16:07 PM]: Built ../../node_modules/core-js/modules/_uid.js...
[1:16:07 PM]: Built ../../node_modules/core-js/modules/_object-pie.js...
[1:16:07 PM]: Built ../../node_modules/core-js/modules/_shared.js...
[1:16:07 PM]: Built ../../node_modules/core-js/modules/_object-gops.js...
[1:16:07 PM]: Built ../../node_modules/core-js/modules/_library.js...
[1:16:07 PM]: Built ../../node_modules/core-js/modules/es6.symbol.js...
[1:16:07 PM]: Built ../../node_modules/evergreen-ui/esm/form-field/src/FormFieldLabel.js...
[1:16:07 PM]: Built ../../node_modules/evergreen-ui/esm/stack/src/Stack.js...
[1:16:07 PM]: Built ../../node_modules/evergreen-ui/esm/stack/index.js...
[1:16:07 PM]: Built ../../node_modules/evergreen-ui/esm/typography/src/Label.js...
[1:16:07 PM]: Built ../../node_modules/evergreen-ui/esm/typography/src/Pre.js...
[1:16:07 PM]: Built ../../node_modules/evergreen-ui/esm/typography/src/Small.js...
[1:16:07 PM]: Built ../../node_modules/evergreen-ui/esm/typography/src/Strong.js...
[1:16:07 PM]: Built ../../node_modules/yup/lib/util/isodate.js...
[1:16:07 PM]: Built ../../node_modules/yup/lib/date.js...
[1:16:07 PM]: Built ../../node_modules/@babel/runtime/helpers/defineProperty.js...
[1:16:07 PM]: Built ../../node_modules/@babel/runtime/helpers/objectSpread.js...
[1:16:07 PM]: Built components/organisms/Header.js...
[1:16:07 PM]: Built ../../node_modules/evergreen-ui/esm/table/src/TextTableHeaderCell.js...
[1:16:07 PM]: Built ../../node_modules/evergreen-ui/esm/table/src/TextTableCell.js...
[1:16:07 PM]: Built ../../node_modules/evergreen-ui/esm/tabs/src/SidebarTab.js...
[1:16:07 PM]: Built ../../node_modules/evergreen-ui/esm/theme/src/withTheme.js...
[1:16:07 PM]: Built ../../node_modules/yup/lib/util/makePath.js...
[1:16:07 PM]: Built ../../node_modules/core-js/modules/_shared-key.js...
[1:16:07 PM]: Built ../../node_modules/core-js/modules/_object-gpo.js...
[1:16:07 PM]: Built ../../node_modules/core-js/modules/es6.object.get-prototype-of.js...
[1:16:07 PM]: Built ../../node_modules/core-js/modules/_ie8-dom-define.js...
[1:16:07 PM]: Built ../../node_modules/core-js/modules/_object-dp.js...
[1:16:07 PM]: Built ../../node_modules/core-js/modules/es6.object.define-property.js...
[1:16:07 PM]: Built ../../node_modules/core-js/modules/_object-keys-internal.js...
[1:16:07 PM]: Built ../../node_modules/core-js/modules/_enum-bug-keys.js...
[1:16:07 PM]: Built ../../node_modules/core-js/modules/_object-keys.js...
[1:16:07 PM]: Built ../../node_modules/core-js/modules/es6.object.keys.js...
[1:16:07 PM]: Built ../../node_modules/core-js/modules/_invoke.js...
[1:16:07 PM]: Built ../../node_modules/core-js/modules/_bind.js...
[1:16:07 PM]: Built ../../node_modules/core-js/modules/es6.function.bind.js...
[1:16:07 PM]: Built ../../node_modules/core-js/modules/_string-ws.js...
[1:16:07 PM]: Built ../../node_modules/core-js/modules/_parse-int.js...
[1:16:07 PM]: Built ../../node_modules/core-js/modules/es6.parse-int.js...
[1:16:07 PM]: Built ../../node_modules/core-js/modules/_array-species-constructor.js...
[1:16:07 PM]: Built ../../node_modules/core-js/modules/_array-species-create.js...
[1:16:07 PM]: Built ../../node_modules/core-js/modules/es7.array.flatten.js...
[1:16:07 PM]: Built ../../node_modules/evergreen-ui/esm/form-field/src/FormFieldValidationMessage.js...
[1:16:07 PM]: Built ../../node_modules/evergreen-ui/esm/typography/src/Code.js...
[1:16:07 PM]: Built ../../node_modules/property-expr/index.js...
[1:16:07 PM]: Built ../../node_modules/core-js/modules/_dom-create.js...
[1:16:07 PM]: Built ../../node_modules/core-js/modules/_object-create.js...
[1:16:07 PM]: Built ../../node_modules/core-js/modules/es6.object.create.js...
[1:16:07 PM]: Built ../../node_modules/core-js/modules/_function-to-string.js...
[1:16:07 PM]: Built ../../node_modules/core-js/modules/_redefine.js...
[1:16:07 PM]: Built ../../node_modules/core-js/modules/es6.object.to-string.js...
[1:16:07 PM]: Built ../../node_modules/evergreen-ui/esm/alert/src/InlineAlert.js...
[1:16:07 PM]: Built ../../node_modules/evergreen-ui/esm/badges/src/Badge.js...
[1:16:07 PM]: Built ../../node_modules/evergreen-ui/esm/search-input/src/SearchInput.js...
[1:16:07 PM]: Built ../../node_modules/evergreen-ui/esm/search-input/index.js...
[1:16:07 PM]: Built ../../node_modules/evergreen-ui/esm/typography/src/OrderedList.js...
[1:16:07 PM]: Built ../../node_modules/evergreen-ui/esm/typography/src/Paragraph.js...
[1:16:07 PM]: Built ../../node_modules/evergreen-ui/esm/typography/src/Text.js...
[1:16:07 PM]: Built ../../node_modules/evergreen-ui/esm/typography/src/Heading.js...
[1:16:07 PM]: Built ../../node_modules/evergreen-ui/esm/buttons/src/IconButton.js...
[1:16:07 PM]: Built ../../node_modules/evergreen-ui/esm/form-field/src/FormField.js...
[1:16:07 PM]: Built ../../node_modules/evergreen-ui/esm/form-field/index.js...
[1:16:07 PM]: Built ../../node_modules/evergreen-ui/esm/typography/src/UnorderedList.js...
[1:16:07 PM]: Built ../../node_modules/yup/lib/util/sortByKeyOrder.js...
[1:16:07 PM]: Built ../../node_modules/evergreen-ui/esm/select/src/SelectField.js...
[1:16:07 PM]: Built ../../node_modules/evergreen-ui/esm/table/src/SearchTableHeaderCell.js...
[1:16:07 PM]: Built ../../node_modules/evergreen-ui/esm/text-input/src/TextInput.js...
[1:16:07 PM]: Built ../../node_modules/evergreen-ui/esm/typography/src/ListItem.js...
[1:16:07 PM]: Built ../../node_modules/@babel/runtime/node_modules/regenerator-runtime/runtime.js...
[1:16:07 PM]: Built ../../node_modules/@babel/runtime/regenerator/index.js...
[1:16:07 PM]: Built ../../node_modules/core-js/modules/_typed-array.js...
[1:16:07 PM]: Built ../../node_modules/core-js/modules/es6.typed.int8-array.js...
[1:16:07 PM]: Built ../../node_modules/evergreen-ui/esm/buttons/src/TextDropdownButton.js...
[1:16:07 PM]: Built ../../node_modules/evergreen-ui/esm/spinner/src/Spinner.js...
[1:16:07 PM]: Built ../../node_modules/evergreen-ui/esm/spinner/index.js...
[1:16:07 PM]: Built ../../node_modules/evergreen-ui/esm/text-input/src/TextInputField.js...
[1:16:07 PM]: Built ../../node_modules/evergreen-ui/esm/text-input/index.js...
[1:16:07 PM]: Built ../../node_modules/evergreen-ui/esm/textarea/src/Textarea.js...
[1:16:07 PM]: Built ../../node_modules/evergreen-ui/esm/textarea/index.js...
[1:16:07 PM]: Built ../../node_modules/axios/lib/helpers/normalizeHeaderName.js...
[1:16:07 PM]: Built ../../node_modules/evergreen-ui/esm/radio/src/RadioGroup.js...
[1:16:07 PM]: Built ../../node_modules/evergreen-ui/esm/select/src/Select.js...
[1:16:07 PM]: Built ../../node_modules/evergreen-ui/esm/select/index.js...
[1:16:07 PM]: Built ../../node_modules/lodash-es/cloneDeep.js...
[1:16:07 PM]: Built ../../node_modules/axios/lib/helpers/buildURL.js...
[1:16:07 PM]: Built ../../node_modules/axios/lib/core/InterceptorManager.js...
[1:16:07 PM]: Built ../../node_modules/@babel/runtime/helpers/objectWithoutPropertiesLoose.js...
[1:16:07 PM]: Built ../../node_modules/@babel/runtime/helpers/objectWithoutProperties.js...
[1:16:07 PM]: Built locomotives/components/Form.js...
[1:16:07 PM]: Built ../../node_modules/core-js/modules/_to-index.js...
[1:16:07 PM]: Built ../../node_modules/core-js/modules/_typed-buffer.js...
[1:16:07 PM]: Built ../../node_modules/core-js/modules/es6.typed.data-view.js...
[1:16:07 PM]: Built ../../node_modules/core-js/shim.js...
[1:16:07 PM]: Built ../../node_modules/babel-polyfill/lib/index.js...
[1:16:07 PM]: Built ../../node_modules/evergreen-ui/esm/alert/src/Alert.js...
[1:16:07 PM]: Built ../../node_modules/evergreen-ui/esm/alert/index.js...
[1:16:07 PM]: Built ../../node_modules/react-fast-compare/index.js...
[1:16:07 PM]: Built ../../node_modules/hoist-non-react-statics/dist/hoist-non-react-statics.cjs.js...
[1:16:07 PM]: Built ../../node_modules/dom-helpers/util/inDOM.js...
[1:16:07 PM]: Built ../../node_modules/evergreen-ui/esm/portal/src/Portal.js...
[1:16:07 PM]: Built ../../node_modules/evergreen-ui/esm/portal/index.js...
[1:16:07 PM]: Built ../../node_modules/evergreen-ui/esm/radio/src/Radio.js...
[1:16:07 PM]: Built ../../node_modules/evergreen-ui/esm/radio/index.js...
[1:16:07 PM]: Built ../../node_modules/evergreen-ui/esm/select-menu/src/SelectMenuContent.js...
[1:16:07 PM]: Built ../../node_modules/evergreen-ui/esm/checkbox/src/Checkbox.js...
[1:16:07 PM]: Built ../../node_modules/evergreen-ui/esm/checkbox/index.js...
[1:16:07 PM]: Built ../../node_modules/evergreen-ui/esm/buttons/src/Button.js...
[1:16:07 PM]: Built ../../node_modules/evergreen-ui/esm/buttons/index.js...
[1:16:07 PM]: Built ../../node_modules/yup/lib/util/prependDeep.js...
[1:16:07 PM]: Built ../../node_modules/yup/lib/Condition.js...
[1:16:07 PM]: Built ../../node_modules/axios/node_modules/is-buffer/index.js...
[1:16:07 PM]: Built ../../node_modules/axios/lib/utils.js...
[1:16:07 PM]: Built ../../node_modules/evergreen-ui/esm/combobox/src/Combobox.js...
[1:16:07 PM]: Built ../../node_modules/evergreen-ui/esm/combobox/index.js...
[1:16:07 PM]: Built ../../node_modules/classnames/index.js...
[1:16:07 PM]: Built ../../node_modules/evergreen-ui/esm/typography/src/Link.js...
[1:16:07 PM]: Built ../../node_modules/evergreen-ui/esm/typography/index.js...
[1:16:07 PM]: Built ../../node_modules/yup/lib/util/createValidation.js...
[1:16:07 PM]: Built ../../node_modules/evergreen-ui/esm/switch/src/Switch.js...
[1:16:07 PM]: Built ../../node_modules/evergreen-ui/esm/switch/index.js...
[1:16:07 PM]: Built ../../node_modules/evergreen-ui/esm/menu/src/MenuDivider.js...
[1:16:07 PM]: Built ../../node_modules/evergreen-ui/esm/table/src/ScrollbarSize.js...
[1:16:07 PM]: Built ../../node_modules/evergreen-ui/esm/lib/warning.js...
[1:16:07 PM]: Built ../../node_modules/evergreen-ui/esm/tabs/src/Tab.js...
[1:16:07 PM]: Built ../../node_modules/evergreen-ui/esm/tabs/index.js...
[1:16:07 PM]: Built ../../node_modules/deepmerge/dist/es.js...
[1:16:07 PM]: Built ../../node_modules/toposort/index.js...
[1:16:07 PM]: Built ../../node_modules/yup/lib/util/sortFields.js...
[1:16:07 PM]: Built ../../node_modules/evergreen-ui/esm/select-menu/src/Option.js...
[1:16:07 PM]: Built ../../node_modules/evergreen-ui/esm/autocomplete/src/AutocompleteItem.js...
[1:16:07 PM]: Built ../../node_modules/evergreen-ui/esm/menu/src/MenuGroup.js...
[1:16:07 PM]: Built ../../node_modules/lodash-es/isArray.js...
[1:16:07 PM]: Built ../../node_modules/react-is/cjs/react-is.development.js...
[1:16:07 PM]: Built ../../node_modules/react-is/index.js...
[1:16:07 PM]: Built ../../node_modules/axios/lib/core/transformData.js...
[1:16:07 PM]: Built ../../node_modules/axios/lib/helpers/isAbsoluteURL.js...
[1:16:07 PM]: Built ../../node_modules/axios/lib/helpers/combineURLs.js...
[1:16:07 PM]: Built ../../node_modules/axios/lib/core/dispatchRequest.js...
[1:16:07 PM]: Built ../../node_modules/axios/lib/core/Axios.js...
[1:16:07 PM]: Built ../../node_modules/ui-box/lib/utils/split-props.js...
[1:16:07 PM]: Built ../../node_modules/ui-box/lib/utils/split-box-props.js...
[1:16:07 PM]: Built ../../node_modules/lodash-es/_arrayMap.js...
[1:16:07 PM]: Built ../../node_modules/lodash-es/_copyArray.js...
[1:16:07 PM]: Built ../../node_modules/lodash-es/_toKey.js...
[1:16:07 PM]: Built ../../node_modules/evergreen-ui/esm/menu/src/MenuOptionsGroup.js...
[1:16:07 PM]: Built ../../node_modules/evergreen-ui/esm/lib/safe-invoke.js...
[1:16:07 PM]: Built ../../node_modules/evergreen-ui/esm/table/src/TableRowContext.js...
[1:16:07 PM]: Built ../../node_modules/axios/lib/core/settle.js...
[1:16:07 PM]: Built ../../node_modules/process/browser.js...
[1:16:07 PM]: Built ../../node_modules/ui-box/lib/cache.js...
[1:16:07 PM]: Built ../../node_modules/evergreen-ui/esm/avatar/src/utils/hash.js...
[1:16:07 PM]: Built ../../node_modules/evergreen-ui/esm/avatar/src/utils/getInitials.js...
[1:16:07 PM]: Built ../../node_modules/evergreen-ui/esm/avatar/src/Avatar.js...
[1:16:07 PM]: Built ../../node_modules/evergreen-ui/esm/avatar/index.js...
[1:16:07 PM]: Built ../../node_modules/arrify/index.js...
[1:16:07 PM]: Built ../../node_modules/evergreen-ui/esm/select-menu/src/SelectMenu.js...
[1:16:07 PM]: Built ../../node_modules/synchronous-promise/index.js...
[1:16:07 PM]: Built ../../node_modules/axios/lib/helpers/parseHeaders.js...
[1:16:07 PM]: Built ../../node_modules/axios/lib/helpers/isURLSameOrigin.js...
[1:16:07 PM]: Built ../../node_modules/axios/lib/helpers/cookies.js...
[1:16:07 PM]: Built ../../node_modules/evergreen-ui/esm/dialog/src/Dialog.js...
[1:16:07 PM]: Built ../../node_modules/evergreen-ui/esm/dialog/index.js...
[1:16:07 PM]: Built ../../node_modules/evergreen-ui/esm/table/src/manageTableRowFocusInteraction.js...
[1:16:07 PM]: Built ../../node_modules/evergreen-ui/esm/table/src/TableRow.js...
[1:16:07 PM]: Built ../../node_modules/evergreen-ui/esm/menu/src/MenuOption.js...
[1:16:07 PM]: Built ../../node_modules/evergreen-ui/esm/theme/src/default-theme/typography/fontFamilies.js...
[1:16:07 PM]: Built ../../node_modules/evergreen-ui/esm/theme/src/default-theme/foundational-styles/elevations.js...
[1:16:07 PM]: Built ../../node_modules/evergreen-ui/esm/theme/src/default-theme/typography/paragraph.js...
[1:16:07 PM]: Built ../../node_modules/evergreen-ui/esm/menu/src/MenuItem.js...
[1:16:07 PM]: Built ../../node_modules/evergreen-ui/esm/menu/src/Menu.js...
[1:16:07 PM]: Built ../../node_modules/evergreen-ui/esm/menu/index.js...
[1:16:07 PM]: Built ../../node_modules/evergreen-ui/esm/table/src/manageTableCellFocusInteraction.js...
[1:16:07 PM]: Built ../../node_modules/evergreen-ui/esm/table/src/TableCell.js...
[1:16:07 PM]: Built ../../node_modules/evergreen-ui/esm/theme/src/default-theme/typography/text.js...
[1:16:07 PM]: Built ../../node_modules/evergreen-ui/esm/theme/src/default-theme/component-specific/overlayBackgroundColor.js...
[1:16:07 PM]: Built ../../node_modules/evergreen-ui/esm/theme/src/default-theme/component-specific/spinnerColor.js...
[1:16:07 PM]: Built ../../node_modules/evergreen-ui/esm/theme/src/default-theme/component-specific/avatarColors.js...
[1:16:07 PM]: Built ../../node_modules/evergreen-ui/esm/theme/src/default-theme/component-specific/badgeColors.js...
[1:16:07 PM]: Built ../../node_modules/evergreen-ui/esm/theme/src/default-theme/component-specific/getRadioClassName.js...
[1:16:07 PM]: Built ../../node_modules/evergreen-ui/esm/theme/src/default-theme/component-specific/getMenuItemClassName.js...
[1:16:07 PM]: Built ../../node_modules/evergreen-ui/esm/theme/src/default-theme/component-specific/getBadgeProps.js...
[1:16:07 PM]: Built ../../node_modules/evergreen-ui/esm/theme/src/default-theme/component-specific/getTableCellClassName.js...
[1:16:07 PM]: Built ../../node_modules/evergreen-ui/esm/theme/src/default-theme/component-specific/getCodeProps.js...
[1:16:07 PM]: Built ../../node_modules/evergreen-ui/esm/theme/src/default-theme/component-specific/getAvatarInitialsFontSize.js...
[1:16:07 PM]: Built ../../node_modules/evergreen-ui/esm/select-menu/src/OptionsList.js...
[1:16:07 PM]: Built ../../node_modules/evergreen-ui/esm/select-menu/index.js...
[1:16:07 PM]: Built ../../node_modules/evergreen-ui/esm/table/src/SelectMenuCell.js...
[1:16:07 PM]: Built ../../node_modules/evergreen-ui/esm/theme/src/default-theme/foundational-styles/scales.js...
[1:16:07 PM]: Built ../../node_modules/evergreen-ui/esm/theme/src/default-theme/component-specific/getTextDropdownButtonClassName.js...
[1:16:07 PM]: Built ../../node_modules/evergreen-ui/esm/theme/src/default-theme/component-specific/getTabClassName.js...
[1:16:07 PM]: Built ../../node_modules/evergreen-ui/esm/theme/src/default-theme/component-specific/getSelectClassName.js...
[1:16:07 PM]: Built ../../node_modules/evergreen-ui/esm/theme/src/default-theme/component-specific/getAvatarProps.js...
[1:16:07 PM]: Built ../../node_modules/evergreen-ui/esm/tooltip/src/TooltipStateless.js...
[1:16:07 PM]: Built ../../node_modules/lodash-es/isObjectLike.js...
[1:16:07 PM]: Built ../../node_modules/evergreen-ui/esm/theme/src/default-theme/foundational-styles/palette.js...
[1:16:07 PM]: Built ../../node_modules/evergreen-ui/esm/theme/src/default-theme/component-specific/getAlertProps.js...
[1:16:07 PM]: Built ../../node_modules/ui-box/lib/enhancers/dimensions.js...
[1:16:07 PM]: Built ../../node_modules/ui-box/lib/enhancers/interaction.js...
[1:16:07 PM]: Built ../../node_modules/ui-box/lib/enhancers/layout.js...
[1:16:07 PM]: Built ../../node_modules/ui-box/lib/enhancers/list.js...
[1:16:07 PM]: Built ../../node_modules/ui-box/lib/enhancers/opacity.js...
[1:16:07 PM]: Built ../../node_modules/ui-box/lib/enhancers/overflow.js...
[1:16:07 PM]: Built ../../node_modules/ui-box/lib/enhancers/position.js...
[1:16:07 PM]: Built ../../node_modules/ui-box/lib/enhancers/transform.js...
[1:16:07 PM]: Built ../../node_modules/ui-box/lib/enhancers/transition.js...
[1:16:07 PM]: Built ../../node_modules/evergreen-ui/esm/theme/src/default-theme/component-specific/getTagInputClassName.js...
[1:16:07 PM]: Built ../../node_modules/evergreen-ui/esm/theme/src/default-theme/component-specific/getSwitchClassName.js...
[1:16:07 PM]: Built ../../node_modules/lodash-es/_baseToString.js...
[1:16:07 PM]: Built ../../node_modules/lodash-es/toString.js...
[1:16:07 PM]: Built ../../node_modules/ui-box/lib/enhancers/flex.js...
[1:16:07 PM]: Built ../../node_modules/ui-box/lib/enhancers/text.js...
[1:16:07 PM]: Built ../../node_modules/ui-box/lib/enhancers/background.js...
[1:16:07 PM]: Built ../../node_modules/evergreen-ui/esm/theme/src/default-theme/foundational-styles/fills.js...
[1:16:07 PM]: Built ../../node_modules/evergreen-ui/esm/theme/src/default-theme/foundational-styles/colors.js...
[1:16:07 PM]: Built ../../node_modules/evergreen-ui/esm/theme/src/default-theme/foundational-styles/index.js...
[1:16:07 PM]: Built ../../node_modules/axios/lib/core/enhanceError.js...
[1:16:07 PM]: Built ../../node_modules/axios/lib/core/createError.js...
[1:16:07 PM]: Built ../../node_modules/axios/lib/adapters/xhr.js...
[1:16:07 PM]: Built ../../node_modules/axios/lib/defaults.js...
[1:16:07 PM]: Built ../../node_modules/axios/lib/axios.js...
[1:16:07 PM]: Built ../../node_modules/axios/index.js...
[1:16:07 PM]: Built ../../node_modules/ui-box/lib/enhancers/grid.js...
[1:16:07 PM]: Built ../../node_modules/evergreen-ui/esm/segmented-control/src/SegmentedControlRadio.js...
[1:16:07 PM]: Built ../../node_modules/evergreen-ui/esm/segmented-control/src/SegmentedControl.js...
[1:16:07 PM]: Built ../../node_modules/evergreen-ui/esm/segmented-control/index.js...
[1:16:07 PM]: Built ../../node_modules/evergreen-ui/esm/theme/src/default-theme/typography/headings.js...
[1:16:07 PM]: Built ../../node_modules/evergreen-ui/esm/theme/src/default-theme/typography/index.js...
[1:16:07 PM]: Built ../../node_modules/lodash.debounce/index.js...
[1:16:07 PM]: Built ../../node_modules/evergreen-ui/esm/tooltip/src/Tooltip.js...
[1:16:07 PM]: Built ../../node_modules/evergreen-ui/esm/tooltip/index.js...
[1:16:07 PM]: Built ../../node_modules/evergreen-ui/esm/theme/src/default-theme/component-specific/getLinkClassName.js...
[1:16:07 PM]: Built ../../node_modules/evergreen-ui/esm/theme/src/default-theme/component-specific/getRowClassName.js...
[1:16:07 PM]: Built ../../node_modules/evergreen-ui/esm/theme/src/default-theme/component-specific/getTextInputClassName.js...
[1:16:07 PM]: Built ../../node_modules/evergreen-ui/esm/theme/src/default-theme/utils/themedProperty.js...
[1:16:07 PM]: Built ../../node_modules/evergreen-ui/esm/theme/src/default-theme/theme-helpers/index.js...
[1:16:07 PM]: Built ../../node_modules/evergreen-ui/esm/tag-input/src/Tag.js...
[1:16:07 PM]: Built ../../node_modules/evergreen-ui/esm/tag-input/src/TagInput.js...
[1:16:07 PM]: Built ../../node_modules/evergreen-ui/esm/tag-input/index.js...
[1:16:07 PM]: Built ../../node_modules/evergreen-ui/esm/theme/src/default-theme/component-specific/getCheckboxClassName.js...
[1:16:07 PM]: Built ../../node_modules/evergreen-ui/esm/theme/src/default-theme/component-specific/getTextareaClassName.js...
[1:16:07 PM]: Built ../../node_modules/@emotion/utils/dist/utils.browser.esm.js...
[1:16:07 PM]: Built ../../node_modules/evergreen-ui/esm/popover/src/PopoverStateless.js...
[1:16:07 PM]: Built ../../node_modules/evergreen-ui/esm/popover/src/Popover.js...
[1:16:07 PM]: Built ../../node_modules/evergreen-ui/esm/popover/index.js...
[1:16:07 PM]: Built ../../node_modules/evergreen-ui/esm/table/src/TableVirtualBody.js...
[1:16:07 PM]: Built ../../node_modules/evergreen-ui/esm/lib/prevent-body-scroll.js...
[1:16:07 PM]: Built ../../node_modules/evergreen-ui/esm/overlay/src/Overlay.js...
[1:16:07 PM]: Built ../../node_modules/evergreen-ui/esm/overlay/index.js...
[1:16:07 PM]: Built ../../node_modules/lodash-es/_objectToString.js...
[1:16:07 PM]: Built ../../node_modules/evergreen-ui/esm/theme/src/default-theme/shared.js...
[1:16:07 PM]: Built ../../node_modules/evergreen-ui/esm/theme/src/default-theme/component-specific/getSegmentedControlRadioClassName.js...
[1:16:07 PM]: Built ../../node_modules/lodash-es/_getRawTag.js...
[1:16:07 PM]: Built ../../node_modules/ui-box/lib/utils/style-sheet.js...
[1:16:07 PM]: Built ../../node_modules/ui-box/lib/styles.js...
[1:16:07 PM]: Built ../../node_modules/lodash-es/_getAllKeysIn.js...
[1:16:07 PM]: Built ../../node_modules/lodash-es/isObject.js...
[1:16:07 PM]: Built ../../node_modules/lodash-es/_arrayEach.js...
[1:16:07 PM]: Built ../../node_modules/lodash-es/_initCloneArray.js...
[1:16:07 PM]: Built ../../node_modules/fuzzaldrin-plus/lib/filter.js...
[1:16:07 PM]: Built ../../node_modules/fuzzaldrin-plus/lib/query.js...
[1:16:07 PM]: Built ../../node_modules/evergreen-ui/esm/side-sheet/src/SheetClose.js...
[1:16:07 PM]: Built ../../node_modules/evergreen-ui/esm/side-sheet/src/SideSheet.js...
[1:16:07 PM]: Built ../../node_modules/evergreen-ui/esm/side-sheet/index.js...
[1:16:07 PM]: Built ../../node_modules/lodash-es/_cloneBuffer.js...
[1:16:07 PM]: Built ../../node_modules/@emotion/memoize/dist/memoize.browser.esm.js...
[1:16:07 PM]: Built ../../node_modules/@emotion/is-prop-valid/dist/is-prop-valid.browser.esm.js...
[1:16:07 PM]: Built ../../node_modules/fuzzaldrin-plus/lib/pathScorer.js...
[1:16:07 PM]: Built ../../node_modules/ui-box/lib/expand-aliases.js...
[1:16:07 PM]: Built ../../node_modules/ui-box/lib/enhance-props.js...
[1:16:07 PM]: Built ../../node_modules/ui-box/lib/box.js...
[1:16:07 PM]: Built ../../node_modules/ui-box/lib/utils/regex.js...
[1:16:07 PM]: Built ../../node_modules/ui-box/lib/enhancers/border-radius.js...
[1:16:07 PM]: Built ../../node_modules/evergreen-ui/esm/table/src/EditableCellField.js...
[1:16:07 PM]: Built ../../node_modules/evergreen-ui/esm/table/src/EditableCell.js...
[1:16:07 PM]: Built ../../node_modules/evergreen-ui/esm/table/src/Table.js...
[1:16:07 PM]: Built ../../node_modules/fuzzaldrin-plus/lib/matcher.js...
[1:16:07 PM]: Built ../../node_modules/ui-box/lib/enhancers/spacing.js...
[1:16:07 PM]: Built ../../node_modules/fuzzaldrin-plus/lib/scorer.js...
[1:16:07 PM]: Built ../../node_modules/fuzzaldrin-plus/lib/fuzzaldrin.js...
[1:16:07 PM]: Built ../../node_modules/prop-types/lib/ReactPropTypesSecret.js...
[1:16:07 PM]: Built ../../node_modules/ui-box/lib/enhancers/borders.js...
[1:16:07 PM]: Built ../../node_modules/lodash-es/_isPrototype.js...
[1:16:07 PM]: Built ../../node_modules/lodash-es/_baseUnary.js...
[1:16:07 PM]: Built ../../node_modules/lodash-es/_baseIsMap.js...
[1:16:07 PM]: Built ../../node_modules/lodash-es/_baseIsSet.js...
[1:16:07 PM]: Built ../../node_modules/lodash-es/isSet.js...
[1:16:07 PM]: Built ../../node_modules/tslib/tslib.es6.js...
[1:16:07 PM]: Built ../../node_modules/evergreen-ui/esm/theme/src/default-theme/helpers.js...
[1:16:07 PM]: Built ../../node_modules/evergreen-ui/esm/theme/src/default-theme/component-specific/getButtonClassName.js...
[1:16:07 PM]: Built ../../node_modules/gud/index.js...
[1:16:07 PM]: Built ../../node_modules/lodash-es/eq.js...
[1:16:07 PM]: Built ../../node_modules/lodash-es/_getSymbolsIn.js...
[1:16:07 PM]: Built ../../node_modules/lodash-es/_copySymbolsIn.js...
[1:16:07 PM]: Built ../../node_modules/lodash-es/_stackClear.js...
[1:16:07 PM]: Built ../../node_modules/lodash-es/_stackGet.js...
[1:16:07 PM]: Built ../../node_modules/lodash-es/_stackDelete.js...
[1:16:07 PM]: Built ../../node_modules/lodash-es/_stackHas.js...
[1:16:07 PM]: Built ../../node_modules/lodash-es/_baseCreate.js...
[1:16:07 PM]: Built ../../node_modules/lodash-es/stubFalse.js...
[1:16:07 PM]: Built ../../node_modules/lodash-es/isBuffer.js...
[1:16:07 PM]: Built ../../node_modules/ui-box/lib/value-to-string.js...
[1:16:07 PM]: Built ../../node_modules/lodash-es/_copyObject.js...
[1:16:07 PM]: Built ../../node_modules/lodash-es/_baseAssign.js...
[1:16:07 PM]: Built ../../node_modules/lodash-es/_nodeUtil.js...
[1:16:07 PM]: Built ../../node_modules/lodash-es/isMap.js...
[1:16:07 PM]: Built ../../node_modules/lodash-es/_stackSet.js...
[1:16:07 PM]: Built ../../node_modules/lodash-es/_Map.js...
[1:16:07 PM]: Built ../../node_modules/lodash-es/_WeakMap.js...
[1:16:07 PM]: Built ../../node_modules/lodash-es/_Promise.js...
[1:16:07 PM]: Built ../../node_modules/lodash-es/_DataView.js...
[1:16:07 PM]: Built ../../node_modules/lodash-es/_cloneRegExp.js...
[1:16:07 PM]: Built ../../node_modules/lodash-es/_toSource.js...
[1:16:07 PM]: Built ../../node_modules/lodash-es/_cloneDataView.js...
[1:16:07 PM]: Built ../../node_modules/lodash-es/_cloneSymbol.js...
[1:16:07 PM]: Built ../../node_modules/lodash-es/_cloneTypedArray.js...
[1:16:07 PM]: Built ../../node_modules/prop-types/checkPropTypes.js...
[1:16:07 PM]: Built ../../node_modules/lodash-es/_freeGlobal.js...
[1:16:07 PM]: Built ../../node_modules/lodash-es/_root.js...
[1:16:07 PM]: Built ../../node_modules/lodash-es/_Symbol.js...
[1:16:07 PM]: Built ../../node_modules/lodash-es/_baseGetTag.js...
[1:16:07 PM]: Built ../../node_modules/lodash-es/isSymbol.js...
[1:16:07 PM]: Built ../../node_modules/object-assign/index.js...
[1:16:07 PM]: Built ../../node_modules/prop-types/factoryWithTypeCheckers.js...
[1:16:07 PM]: Built ../../node_modules/prop-types/index.js...
[1:16:07 PM]: Built ../../node_modules/evergreen-ui/esm/themer/src/createTableCellAppearance.js...
[1:16:07 PM]: Built ../../node_modules/evergreen-ui/esm/themer/src/createTagInputAppearance.js...
[1:16:07 PM]: Built ../../node_modules/evergreen-ui/esm/themer/src/createLinkAppearance.js...
[1:16:07 PM]: Built ../../node_modules/lodash-es/_overArg.js...
[1:16:07 PM]: Built ../../node_modules/lodash-es/_getPrototype.js...
[1:16:07 PM]: Built ../../node_modules/lodash-es/_initCloneObject.js...
[1:16:07 PM]: Built ../../node_modules/lodash-es/isLength.js...
[1:16:07 PM]: Built ../../node_modules/evergreen-ui/esm/themer/src/createInputAppearance.js...
[1:16:07 PM]: Built ../../node_modules/evergreen-ui/esm/themer/src/createTabAppearance.js...
[1:16:07 PM]: Built ../../node_modules/evergreen-ui/esm/themer/src/createRowAppearance.js...
[1:16:07 PM]: Built ../../node_modules/lodash-es/stubArray.js...
[1:16:07 PM]: Built ../../node_modules/lodash-es/_arrayPush.js...
[1:16:07 PM]: Built ../../node_modules/lodash-es/_baseGetAllKeys.js...
[1:16:07 PM]: Built ../../node_modules/lodash-es/_getAllKeys.js...
[1:16:07 PM]: Built ../../node_modules/lodash-es/isFunction.js...
[1:16:07 PM]: Built ../../node_modules/lodash-es/isArrayLike.js...
[1:16:07 PM]: Built ../../node_modules/lodash-es/_nativeKeys.js...
[1:16:07 PM]: Built ../../node_modules/lodash-es/_baseKeys.js...
[1:16:07 PM]: Built ../../node_modules/ui-box/lib/get-safe-value.js...
[1:16:07 PM]: Built ../../node_modules/ui-box/lib/utils/decamelize.js...
[1:16:07 PM]: Built ../../node_modules/evergreen-ui/esm/themer/src/createButtonAppearance.js...
[1:16:07 PM]: Built ../../node_modules/evergreen-ui/esm/themer/src/createSelectAppearance.js...
[1:16:07 PM]: Built ../../node_modules/evergreen-ui/esm/themer/src/createTextDropdownButtonAppearance.js...
[1:16:07 PM]: Built ../../node_modules/evergreen-ui/esm/themer/src/createSegmentedControlRadioAppearance.js...
[1:16:07 PM]: Built ../../node_modules/lodash-es/_defineProperty.js...
[1:16:07 PM]: Built ../../node_modules/lodash-es/_baseAssignValue.js...
[1:16:07 PM]: Built ../../node_modules/lodash-es/_assignValue.js...
[1:16:07 PM]: Built ../../node_modules/lodash-es/_arrayFilter.js...
[1:16:07 PM]: Built ../../node_modules/lodash-es/_getSymbols.js...
[1:16:07 PM]: Built ../../node_modules/lodash-es/_copySymbols.js...
[1:16:07 PM]: Built ../../node_modules/lodash-es/_listCacheClear.js...
[1:16:07 PM]: Built ../../node_modules/lodash-es/_listCacheHas.js...
[1:16:07 PM]: Built ../../node_modules/lodash-es/_baseTimes.js...
[1:16:07 PM]: Built ../../node_modules/evergreen-ui/esm/toaster/src/Toast.js...
[1:16:07 PM]: Built ../../node_modules/evergreen-ui/esm/toaster/src/ToastManager.js...
[1:16:07 PM]: Built ../../node_modules/evergreen-ui/esm/toaster/src/Toaster.js...
[1:16:07 PM]: Built ../../node_modules/evergreen-ui/esm/toaster/src/index.js...
[1:16:07 PM]: Built ../../node_modules/evergreen-ui/esm/toaster/index.js...
[1:16:07 PM]: Built ../../node_modules/lodash-es/_mapCacheHas.js...
[1:16:07 PM]: Built ../../node_modules/lodash-es/_mapCacheGet.js...
[1:16:07 PM]: Built ../../node_modules/evergreen-ui/esm/themer/src/createSwitchAppearance.js...
[1:16:07 PM]: Built ../../node_modules/lodash-es/_listCacheDelete.js...
[1:16:07 PM]: Built ../../node_modules/lodash-es/_listCacheSet.js...
[1:16:07 PM]: Built ../../node_modules/lodash-es/_Uint8Array.js...
[1:16:07 PM]: Built ../../node_modules/lodash-es/_cloneArrayBuffer.js...
[1:16:07 PM]: Built ../../node_modules/lodash-es/_initCloneByTag.js...
[1:16:07 PM]: Built ../../node_modules/lodash-es/_isIndex.js...
[1:16:07 PM]: Built ../../node_modules/lodash-es/_mapCacheSet.js...
[1:16:07 PM]: Built ../../node_modules/tinycolor2/tinycolor.js...
[1:16:07 PM]: Built ../../node_modules/evergreen-ui/esm/theme/src/default-theme/component-specific/getTooltipProps.js...
[1:16:07 PM]: Built ../../node_modules/evergreen-ui/esm/themer/src/createCheckboxAppearance.js...
[1:16:07 PM]: Built ../../node_modules/fbjs/lib/emptyFunction.js...
[1:16:07 PM]: Built ../../node_modules/fbjs/lib/warning.js...
[1:16:07 PM]: Built ../../node_modules/create-react-context/lib/implementation.js...
[1:16:07 PM]: Built ../../node_modules/create-react-context/lib/index.js...
[1:16:07 PM]: Built ../../node_modules/evergreen-ui/esm/positioner/src/getPosition.js...
[1:16:07 PM]: Built ../../node_modules/evergreen-ui/esm/positioner/src/Positioner.js...
[1:16:07 PM]: Built ../../node_modules/evergreen-ui/esm/positioner/index.js...
[1:16:07 PM]: Built ../../node_modules/ui-box/node_modules/@emotion/hash/dist/hash.esm.js...
[1:16:07 PM]: Built ../../node_modules/ui-box/lib/get-class-name.js...
[1:16:07 PM]: Built ../../node_modules/@babel/runtime/helpers/esm/defineProperty.js...
[1:16:07 PM]: Built ../../node_modules/@babel/runtime/helpers/esm/objectSpread.js...
[1:16:07 PM]: Built ../../node_modules/lodash-es/_nativeKeysIn.js...
[1:16:07 PM]: Built ../../node_modules/lodash-es/_baseKeysIn.js...
[1:16:07 PM]: Built ../../node_modules/lodash-es/keysIn.js...
[1:16:07 PM]: Built ../../node_modules/lodash-es/_baseAssignIn.js...
[1:16:07 PM]: Built ../../node_modules/evergreen-ui/esm/themer/src/createAppearance.js...
[1:16:07 PM]: Built ../../node_modules/ui-box/node_modules/inline-style-prefixer/static/staticData.js...
[1:16:07 PM]: Built ../../node_modules/ui-box/node_modules/inline-style-prefixer/static/plugins/cursor.js...
[1:16:07 PM]: Built ../../node_modules/ui-box/node_modules/inline-style-prefixer/static/plugins/flex.js...
[1:16:07 PM]: Built ../../node_modules/ui-box/node_modules/inline-style-prefixer/static/plugins/gradient.js...
[1:16:07 PM]: Built ../../node_modules/ui-box/node_modules/inline-style-prefixer/static/plugins/position.js...
[1:16:07 PM]: Built ../../node_modules/ui-box/node_modules/inline-style-prefixer/static/plugins/sizing.js...
[1:16:07 PM]: Built ../../node_modules/ui-box/node_modules/inline-style-prefixer/static/plugins/imageSet.js...
[1:16:07 PM]: Built ../../node_modules/ui-box/node_modules/inline-style-prefixer/static/plugins/crossFade.js...
[1:16:07 PM]: Built ../../node_modules/lodash-es/_assocIndexOf.js...
[1:16:07 PM]: Built ../../node_modules/lodash-es/_listCacheGet.js...
[1:16:07 PM]: Built ../../node_modules/lodash-es/_ListCache.js...
[1:16:07 PM]: Built ../../node_modules/lodash-es/_Stack.js...
[1:16:07 PM]: Built ../../node_modules/lodash-es/_getValue.js...
[1:16:07 PM]: Built ../../node_modules/lodash-es/_baseIsArguments.js...
[1:16:07 PM]: Built ../../node_modules/lodash-es/isArguments.js...
[1:16:07 PM]: Built ../../node_modules/ui-box/node_modules/inline-style-prefixer/static/plugins/flexboxOld.js...
[1:16:07 PM]: Built ../../node_modules/@emotion/unitless/dist/unitless.browser.esm.js...
[1:16:07 PM]: Built ../../node_modules/@emotion/hash/dist/hash.browser.esm.js...
[1:16:07 PM]: Built ../../node_modules/@emotion/serialize/dist/serialize.browser.esm.js...
[1:16:07 PM]: Built ../../node_modules/@babel/runtime/helpers/inheritsLoose.js...
[1:16:07 PM]: Built ../../node_modules/lodash-es/_baseIsTypedArray.js...
[1:16:07 PM]: Built ../../node_modules/lodash-es/isTypedArray.js...
[1:16:07 PM]: Built ../../node_modules/lodash-es/_arrayLikeKeys.js...
[1:16:07 PM]: Built ../../node_modules/lodash-es/keys.js...
[1:16:07 PM]: Built ../../node_modules/@emotion/css/dist/css.browser.esm.js...
[1:16:07 PM]: Built ../../node_modules/evergreen-ui/esm/themer/src/isDev.js...
[1:16:07 PM]: Built ../../node_modules/evergreen-ui/esm/themer/src/hasOwnProperty.js...
[1:16:07 PM]: Built ../../node_modules/evergreen-ui/esm/themer/src/missingStateWarning.js...
[1:16:07 PM]: Built ../../node_modules/evergreen-ui/esm/themer/src/createBadgeAppearance.js...
[1:16:07 PM]: Built ../../node_modules/evergreen-ui/esm/themer/src/Themer.js...
[1:16:07 PM]: Built ../../node_modules/evergreen-ui/esm/themer/index.js...
[1:16:07 PM]: Built ../../node_modules/lodash-es/_isKeyable.js...
[1:16:07 PM]: Built ../../node_modules/lodash-es/_getMapData.js...
[1:16:07 PM]: Built ../../node_modules/lodash-es/_mapCacheDelete.js...
[1:16:07 PM]: Built ../../node_modules/css-in-js-utils/lib/isPrefixedValue.js...
[1:16:07 PM]: Built ../../node_modules/ui-box/node_modules/inline-style-prefixer/static/plugins/filter.js...
[1:16:07 PM]: Built ../../node_modules/lodash-es/_hashDelete.js...
[1:16:07 PM]: Built ../../node_modules/ui-box/node_modules/inline-style-prefixer/utils/isObject.js...
[1:16:07 PM]: Built ../../node_modules/ui-box/node_modules/inline-style-prefixer/utils/prefixValue.js...
[1:16:07 PM]: Built ../../node_modules/ui-box/node_modules/inline-style-prefixer/utils/capitalizeString.js...
[1:16:07 PM]: Built ../../node_modules/ui-box/node_modules/inline-style-prefixer/utils/addNewValuesOnly.js...
[1:16:07 PM]: Built ../../node_modules/lodash-es/_hashHas.js...
[1:16:07 PM]: Built ../../node_modules/lodash-es/_hashGet.js...
[1:16:07 PM]: Built ../../node_modules/lodash-es/_hashSet.js...
[1:16:07 PM]: Built ../../node_modules/ui-box/node_modules/inline-style-prefixer/utils/prefixProperty.js...
[1:16:07 PM]: Built ../../node_modules/ui-box/node_modules/inline-style-prefixer/static/createPrefixer.js...
[1:16:07 PM]: Built ../../node_modules/@emotion/sheet/dist/sheet.browser.esm.js...
[1:16:07 PM]: Built ../../node_modules/react-transition-group/utils/PropTypes.js...
[1:16:08 PM]: Built ../../node_modules/moment/moment.js...
[1:16:08 PM]: Built locomotives/Edit.js...
[1:16:08 PM]: Built ../../node_modules/lodash-es/_nativeCreate.js...
[1:16:08 PM]: Built ../../node_modules/lodash-es/_hashClear.js...
[1:16:08 PM]: Built ../../node_modules/lodash-es/_Hash.js...
[1:16:08 PM]: Built ../../node_modules/lodash-es/_mapCacheClear.js...
[1:16:08 PM]: Built ../../node_modules/lodash-es/_MapCache.js...
[1:16:08 PM]: Built ../../node_modules/lodash-es/memoize.js...
[1:16:08 PM]: Built ../../node_modules/lodash-es/_memoizeCapped.js...
[1:16:08 PM]: Built ../../node_modules/lodash-es/_stringToPath.js...
[1:16:08 PM]: Built ../../node_modules/lodash-es/toPath.js...
[1:16:08 PM]: Built ../../node_modules/react-lifecycles-compat/react-lifecycles-compat.es.js...
[1:16:08 PM]: Built ../../node_modules/react-transition-group/Transition.js...
[1:16:08 PM]: Built ../../node_modules/evergreen-ui/esm/corner-dialog/src/CornerDialog.js...
[1:16:08 PM]: Built ../../node_modules/evergreen-ui/esm/corner-dialog/index.js...
[1:16:08 PM]: Built ../../node_modules/hyphenate-style-name/index.js...
[1:16:08 PM]: Built ../../node_modules/css-in-js-utils/lib/hyphenateProperty.js...
[1:16:08 PM]: Built ../../node_modules/ui-box/node_modules/inline-style-prefixer/static/plugins/transition.js...
[1:16:08 PM]: Built ../../node_modules/ui-box/node_modules/inline-style-prefixer/static/index.js...
[1:16:08 PM]: Built ../../node_modules/ui-box/lib/prefixer.js...
[1:16:08 PM]: Built ../../node_modules/ui-box/lib/get-css.js...
[1:16:08 PM]: Built ../../node_modules/ui-box/lib/enhancers/box-shadow.js...
[1:16:08 PM]: Built ../../node_modules/ui-box/lib/enhancers/index.js...
[1:16:08 PM]: Built ../../node_modules/lodash-es/_coreJsData.js...
[1:16:08 PM]: Built ../../node_modules/lodash-es/_isMasked.js...
[1:16:08 PM]: Built ../../node_modules/lodash-es/_baseIsNative.js...
[1:16:08 PM]: Built ../../node_modules/lodash-es/_getNative.js...
[1:16:08 PM]: Built ../../node_modules/lodash-es/_Set.js...
[1:16:08 PM]: Built ../../node_modules/lodash-es/_getTag.js...
[1:16:08 PM]: Built ../../node_modules/lodash-es/_baseClone.js...
[1:16:08 PM]: Built ../../node_modules/lodash-es/clone.js...
[1:16:08 PM]: Built ../../node_modules/formik/dist/formik.esm.js...
[1:16:08 PM]: Built ../../node_modules/value-equal/index.js...
[1:16:08 PM]: Built ../../node_modules/resolve-pathname/index.js...
[1:16:08 PM]: Built ../../node_modules/react-router/node_modules/isarray/index.js...
[1:16:08 PM]: Built ../../node_modules/react-router/node_modules/path-to-regexp/index.js...
[1:16:08 PM]: Built ../../node_modules/@emotion/weak-memoize/dist/weak-memoize.browser.esm.js...
[1:16:08 PM]: Built ../../node_modules/react/cjs/react.development.js...
[1:16:08 PM]: Built ../../node_modules/react/index.js...
[1:16:08 PM]: Built ../../node_modules/react-tiny-virtual-list/build/react-tiny-virtual-list.es.js...
[1:16:08 PM]: Built ../../node_modules/glamor/lib/clean.js...
[1:16:08 PM]: Built ../../node_modules/glamor/lib/hash.js...
[1:16:08 PM]: Built ../../node_modules/downshift/dist/downshift.esm.js...
[1:16:08 PM]: Built ../../node_modules/evergreen-ui/esm/autocomplete/src/Autocomplete.js...
[1:16:08 PM]: Built ../../node_modules/evergreen-ui/esm/autocomplete/index.js...
[1:16:08 PM]: Built ../../node_modules/glamor/lib/sheet.js...
[1:16:08 PM]: Built ../../node_modules/@emotion/stylis/dist/stylis.browser.esm.js...
[1:16:08 PM]: Built ../../node_modules/@emotion/cache/dist/cache.browser.esm.js...
[1:16:08 PM]: Built ../../node_modules/@emotion/core/dist/core.browser.esm.js...
[1:16:08 PM]: Built ../../node_modules/@emotion/styled-base/dist/styled-base.browser.esm.js...
[1:16:08 PM]: Built ../../node_modules/@emotion/styled/dist/styled.browser.esm.js...
[1:16:08 PM]: Built utils/styledComponent.js...
[1:16:08 PM]: Built components/layout/SingleColumn.js...
[1:16:08 PM]: Built pages/Home.js...
[1:16:08 PM]: Built ../../node_modules/fbjs/lib/memoizeStringOnly.js...
[1:16:08 PM]: Built ../../node_modules/fbjs/lib/camelize.js...
[1:16:08 PM]: Built ../../node_modules/fbjs/lib/camelizeStyleName.js...
[1:16:08 PM]: Built ../../node_modules/fbjs/lib/hyphenate.js...
[1:16:08 PM]: Built ../../node_modules/fbjs/lib/hyphenateStyleName.js...
[1:16:08 PM]: Built ../../node_modules/glamor/node_modules/inline-style-prefixer/utils/prefixValue.js...
[1:16:08 PM]: Built ../../node_modules/glamor/node_modules/inline-style-prefixer/static/plugins/crossFade.js...
[1:16:08 PM]: Built ../../node_modules/glamor/node_modules/inline-style-prefixer/static/plugins/filter.js...
[1:16:08 PM]: Built ../../node_modules/glamor/node_modules/inline-style-prefixer/static/plugins/flex.js...
[1:16:08 PM]: Built ../../node_modules/glamor/node_modules/inline-style-prefixer/static/plugins/cursor.js...
[1:16:08 PM]: Built ../../node_modules/glamor/node_modules/inline-style-prefixer/static/plugins/imageSet.js...
[1:16:08 PM]: Built ../../node_modules/glamor/node_modules/inline-style-prefixer/static/plugins/gradient.js...
[1:16:08 PM]: Built ../../node_modules/glamor/node_modules/inline-style-prefixer/static/plugins/position.js...
[1:16:08 PM]: Built ../../node_modules/glamor/node_modules/inline-style-prefixer/static/plugins/sizing.js...
[1:16:08 PM]: Built ../../node_modules/glamor/node_modules/inline-style-prefixer/static/staticData.js...
[1:16:08 PM]: Built ../../node_modules/glamor/node_modules/inline-style-prefixer/static/plugins/flexboxOld.js...
[1:16:08 PM]: Built ../../node_modules/glamor/node_modules/inline-style-prefixer/static/plugins/transition.js...
[1:16:08 PM]: Built ../../node_modules/glamor/node_modules/inline-style-prefixer/utils/capitalizeString.js...
[1:16:08 PM]: Built ../../node_modules/glamor/node_modules/inline-style-prefixer/utils/prefixProperty.js...
[1:16:08 PM]: Built ../../node_modules/glamor/lib/prefixer.js...
[1:16:08 PM]: Built ../../node_modules/glamor/lib/plugins.js...
[1:16:08 PM]: Built ../../node_modules/glamor/lib/CSSPropertyOperations/CSSProperty.js...
[1:16:08 PM]: Built ../../node_modules/glamor/lib/CSSPropertyOperations/dangerousStyleValue.js...
[1:16:08 PM]: Built ../../node_modules/glamor/lib/CSSPropertyOperations/index.js...
[1:16:08 PM]: Built ../../node_modules/glamor/lib/index.js...
[1:16:08 PM]: Built ../../node_modules/evergreen-ui/esm/theme/src/default-theme/utils/memoizeClassName.js...
[1:16:08 PM]: Built ../../node_modules/evergreen-ui/esm/theme/src/default-theme/component-specific/getBadgeClassName.js...
[1:16:08 PM]: Built ../../node_modules/evergreen-ui/esm/theme/src/default-theme/component-specific/index.js...
[1:16:08 PM]: Built ../../node_modules/evergreen-ui/esm/theme/src/default-theme/index.js...
[1:16:08 PM]: Built ../../node_modules/evergreen-ui/esm/theme/index.js...
[1:16:08 PM]: Built ../../node_modules/scheduler/cjs/scheduler-tracing.development.js...
[1:16:08 PM]: Built ../../node_modules/scheduler/tracing.js...
[1:16:08 PM]: Built ../../node_modules/scheduler/cjs/scheduler.development.js...
[1:16:08 PM]: Built ../../node_modules/scheduler/index.js...
[1:16:08 PM]: Built ../../node_modules/react-dom/cjs/react-dom.development.js...
[1:16:08 PM]: Built ../../node_modules/react-dom/index.js...
